0 info it worked if it ends with ok
1 verbose cli [ '/usr/bin/nodejs',
1 verbose cli   '/usr/bin/npm',
1 verbose cli   'install',
1 verbose cli   'karma-phantomjs-launcher',
1 verbose cli   'karma-jasmine',
1 verbose cli   'grunt-karma',
1 verbose cli   '--save-dev' ]
2 info using npm@1.3.10
3 info using node@v0.10.25
4 warn package.json messmenu@0.0.0 No description
5 warn package.json messmenu@0.0.0 No repository field.
6 warn package.json messmenu@0.0.0 No README data
7 verbose readDependencies using package.json deps
8 verbose cache add [ 'karma-phantomjs-launcher', null ]
9 verbose cache add name=undefined spec="karma-phantomjs-launcher" args=["karma-phantomjs-launcher",null]
10 verbose parsed url { protocol: null,
10 verbose parsed url   slashes: null,
10 verbose parsed url   auth: null,
10 verbose parsed url   host: null,
10 verbose parsed url   port: null,
10 verbose parsed url   hostname: null,
10 verbose parsed url   hash: null,
10 verbose parsed url   search: null,
10 verbose parsed url   query: null,
10 verbose parsed url   pathname: 'karma-phantomjs-launcher',
10 verbose parsed url   path: 'karma-phantomjs-launcher',
10 verbose parsed url   href: 'karma-phantomjs-launcher' }
11 verbose cache add [ 'karma-jasmine', null ]
12 verbose cache add name=undefined spec="karma-jasmine" args=["karma-jasmine",null]
13 verbose parsed url { protocol: null,
13 verbose parsed url   slashes: null,
13 verbose parsed url   auth: null,
13 verbose parsed url   host: null,
13 verbose parsed url   port: null,
13 verbose parsed url   hostname: null,
13 verbose parsed url   hash: null,
13 verbose parsed url   search: null,
13 verbose parsed url   query: null,
13 verbose parsed url   pathname: 'karma-jasmine',
13 verbose parsed url   path: 'karma-jasmine',
13 verbose parsed url   href: 'karma-jasmine' }
14 verbose cache add [ 'grunt-karma', null ]
15 verbose cache add name=undefined spec="grunt-karma" args=["grunt-karma",null]
16 verbose parsed url { protocol: null,
16 verbose parsed url   slashes: null,
16 verbose parsed url   auth: null,
16 verbose parsed url   host: null,
16 verbose parsed url   port: null,
16 verbose parsed url   hostname: null,
16 verbose parsed url   hash: null,
16 verbose parsed url   search: null,
16 verbose parsed url   query: null,
16 verbose parsed url   pathname: 'grunt-karma',
16 verbose parsed url   path: 'grunt-karma',
16 verbose parsed url   href: 'grunt-karma' }
17 silly lockFile e0cbf986-karma-phantomjs-launcher karma-phantomjs-launcher
18 verbose lock karma-phantomjs-launcher /home/macchli/.npm/e0cbf986-karma-phantomjs-launcher.lock
19 silly lockFile df56d5e8-karma-jasmine karma-jasmine
20 verbose lock karma-jasmine /home/macchli/.npm/df56d5e8-karma-jasmine.lock
21 silly lockFile 707ccff9-grunt-karma grunt-karma
22 verbose lock grunt-karma /home/macchli/.npm/707ccff9-grunt-karma.lock
23 silly lockFile e0cbf986-karma-phantomjs-launcher karma-phantomjs-launcher
24 silly lockFile e0cbf986-karma-phantomjs-launcher karma-phantomjs-launcher
25 silly lockFile df56d5e8-karma-jasmine karma-jasmine
26 silly lockFile df56d5e8-karma-jasmine karma-jasmine
27 silly lockFile 707ccff9-grunt-karma grunt-karma
28 silly lockFile 707ccff9-grunt-karma grunt-karma
29 verbose addNamed [ 'karma-phantomjs-launcher', '' ]
30 verbose addNamed [ null, '*' ]
31 silly lockFile cdd40d81-karma-phantomjs-launcher karma-phantomjs-launcher@
32 verbose lock karma-phantomjs-launcher@ /home/macchli/.npm/cdd40d81-karma-phantomjs-launcher.lock
33 verbose addNamed [ 'karma-jasmine', '' ]
34 verbose addNamed [ null, '*' ]
35 silly lockFile a9316641-karma-jasmine karma-jasmine@
36 verbose lock karma-jasmine@ /home/macchli/.npm/a9316641-karma-jasmine.lock
37 verbose addNamed [ 'grunt-karma', '' ]
38 verbose addNamed [ null, '*' ]
39 silly lockFile 94531edb-grunt-karma grunt-karma@
40 verbose lock grunt-karma@ /home/macchli/.npm/94531edb-grunt-karma.lock
41 silly addNameRange { name: 'karma-phantomjs-launcher', range: '*', hasData: false }
42 silly addNameRange { name: 'karma-jasmine', range: '*', hasData: false }
43 silly addNameRange { name: 'grunt-karma', range: '*', hasData: false }
44 verbose url raw karma-phantomjs-launcher
45 verbose url resolving [ 'https://registry.npmjs.org/', './karma-phantomjs-launcher' ]
46 verbose url resolved https://registry.npmjs.org/karma-phantomjs-launcher
47 info trying registry request attempt 1 at 23:53:25
48 verbose etag "E5NWTBDOP9CP8FSM0BBN6VT3Y"
49 http GET https://registry.npmjs.org/karma-phantomjs-launcher
50 verbose url raw karma-jasmine
51 verbose url resolving [ 'https://registry.npmjs.org/', './karma-jasmine' ]
52 verbose url resolved https://registry.npmjs.org/karma-jasmine
53 info trying registry request attempt 1 at 23:53:25
54 verbose etag "7ZNEOI35SD5IMB78WTULK8A5C"
55 http GET https://registry.npmjs.org/karma-jasmine
56 verbose url raw grunt-karma
57 verbose url resolving [ 'https://registry.npmjs.org/', './grunt-karma' ]
58 verbose url resolved https://registry.npmjs.org/grunt-karma
59 info trying registry request attempt 1 at 23:53:25
60 verbose etag "6O0R8S99M4VLBP0AO771HRBNS"
61 http GET https://registry.npmjs.org/grunt-karma
62 http 304 https://registry.npmjs.org/karma-phantomjs-launcher
63 silly registry.get cb [ 304,
63 silly registry.get   { date: 'Wed, 13 Aug 2014 18:23:49 GMT',
63 silly registry.get     server: 'Apache',
63 silly registry.get     via: '1.1 varnish',
63 silly registry.get     'last-modified': 'Wed, 13 Aug 2014 18:22:55 GMT',
63 silly registry.get     'cache-control': 'max-age=60',
63 silly registry.get     etag: '"E5NWTBDOP9CP8FSM0BBN6VT3Y"',
63 silly registry.get     'x-served-by': 'cache-lax1425-LAX',
63 silly registry.get     'x-cache': 'HIT',
63 silly registry.get     'x-cache-hits': '2',
63 silly registry.get     'x-timer': 'S1407954229.672437,VS0,VE0',
63 silly registry.get     vary: 'Accept',
63 silly registry.get     'content-length': '0',
63 silly registry.get     'keep-alive': 'timeout=10, max=50',
63 silly registry.get     connection: 'Keep-Alive' } ]
64 verbose etag karma-phantomjs-launcher from cache
65 http 304 https://registry.npmjs.org/grunt-karma
66 silly registry.get cb [ 304,
66 silly registry.get   { date: 'Wed, 13 Aug 2014 18:23:49 GMT',
66 silly registry.get     server: 'Apache',
66 silly registry.get     via: '1.1 varnish',
66 silly registry.get     'last-modified': 'Wed, 13 Aug 2014 18:23:49 GMT',
66 silly registry.get     'cache-control': 'max-age=60',
66 silly registry.get     etag: '"6O0R8S99M4VLBP0AO771HRBNS"',
66 silly registry.get     'x-served-by': 'cache-lax1424-LAX',
66 silly registry.get     'x-cache': 'HIT',
66 silly registry.get     'x-cache-hits': '1',
66 silly registry.get     'x-timer': 'S1407954229.692619,VS0,VE0',
66 silly registry.get     vary: 'Accept',
66 silly registry.get     'content-length': '0',
66 silly registry.get     'keep-alive': 'timeout=10, max=50',
66 silly registry.get     connection: 'Keep-Alive' } ]
67 verbose etag grunt-karma from cache
68 silly addNameRange number 2 { name: 'grunt-karma', range: '*', hasData: true }
69 silly addNameRange versions [ 'grunt-karma',
69 silly addNameRange   [ '0.3.0',
69 silly addNameRange     '0.4.0',
69 silly addNameRange     '0.4.1',
69 silly addNameRange     '0.4.2',
69 silly addNameRange     '0.4.3',
69 silly addNameRange     '0.4.4',
69 silly addNameRange     '0.5.0',
69 silly addNameRange     '0.4.5',
69 silly addNameRange     '0.5.1',
69 silly addNameRange     '0.5.2',
69 silly addNameRange     '0.4.6',
69 silly addNameRange     '0.5.3',
69 silly addNameRange     '0.5.4',
69 silly addNameRange     '0.6.0',
69 silly addNameRange     '0.6.1',
69 silly addNameRange     '0.7.0',
69 silly addNameRange     '0.6.2',
69 silly addNameRange     '0.7.1',
69 silly addNameRange     '0.7.2',
69 silly addNameRange     '0.7.3',
69 silly addNameRange     '0.8.0',
69 silly addNameRange     '0.8.1',
69 silly addNameRange     '0.8.2',
69 silly addNameRange     '0.8.3' ] ]
70 verbose addNamed [ 'grunt-karma', '0.8.3' ]
71 verbose addNamed [ '0.8.3', '0.8.3' ]
72 silly lockFile e0300b7e-grunt-karma-0-8-3 grunt-karma@0.8.3
73 verbose lock grunt-karma@0.8.3 /home/macchli/.npm/e0300b7e-grunt-karma-0-8-3.lock
74 silly addNameRange number 2 { name: 'karma-phantomjs-launcher', range: '*', hasData: true }
75 silly addNameRange versions [ 'karma-phantomjs-launcher',
75 silly addNameRange   [ '0.0.1',
75 silly addNameRange     '0.0.2',
75 silly addNameRange     '0.0.3',
75 silly addNameRange     '0.1.0',
75 silly addNameRange     '0.1.1',
75 silly addNameRange     '0.1.2',
75 silly addNameRange     '0.1.3',
75 silly addNameRange     '0.1.4' ] ]
76 verbose addNamed [ 'karma-phantomjs-launcher', '0.1.4' ]
77 verbose addNamed [ '0.1.4', '0.1.4' ]
78 silly lockFile 5b4ecc13-karma-phantomjs-launcher-0-1-4 karma-phantomjs-launcher@0.1.4
79 verbose lock karma-phantomjs-launcher@0.1.4 /home/macchli/.npm/5b4ecc13-karma-phantomjs-launcher-0-1-4.lock
80 silly lockFile e0300b7e-grunt-karma-0-8-3 grunt-karma@0.8.3
81 silly lockFile e0300b7e-grunt-karma-0-8-3 grunt-karma@0.8.3
82 silly lockFile 94531edb-grunt-karma grunt-karma@
83 silly lockFile 94531edb-grunt-karma grunt-karma@
84 http 304 https://registry.npmjs.org/karma-jasmine
85 silly registry.get cb [ 304,
85 silly registry.get   { date: 'Wed, 13 Aug 2014 18:23:49 GMT',
85 silly registry.get     server: 'Apache',
85 silly registry.get     via: '1.1 varnish',
85 silly registry.get     'last-modified': 'Wed, 13 Aug 2014 18:23:49 GMT',
85 silly registry.get     'cache-control': 'max-age=60',
85 silly registry.get     etag: '"7ZNEOI35SD5IMB78WTULK8A5C"',
85 silly registry.get     'x-served-by': 'cache-lax1435-LAX',
85 silly registry.get     'x-cache': 'HIT',
85 silly registry.get     'x-cache-hits': '1',
85 silly registry.get     'x-timer': 'S1407954229.781051,VS0,VE0',
85 silly registry.get     vary: 'Accept',
85 silly registry.get     'content-length': '0',
85 silly registry.get     'keep-alive': 'timeout=10, max=50',
85 silly registry.get     connection: 'Keep-Alive' } ]
86 verbose etag karma-jasmine from cache
87 silly addNameRange number 2 { name: 'karma-jasmine', range: '*', hasData: true }
88 silly addNameRange versions [ 'karma-jasmine',
88 silly addNameRange   [ '0.0.1',
88 silly addNameRange     '0.0.2',
88 silly addNameRange     '0.0.3',
88 silly addNameRange     '0.1.0',
88 silly addNameRange     '0.1.1',
88 silly addNameRange     '0.1.2',
88 silly addNameRange     '0.1.3',
88 silly addNameRange     '0.1.4',
88 silly addNameRange     '0.1.5',
88 silly addNameRange     '0.2.0',
88 silly addNameRange     '0.2.1',
88 silly addNameRange     '0.2.2' ] ]
89 verbose addNamed [ 'karma-jasmine', '0.1.5' ]
90 verbose addNamed [ '0.1.5', '0.1.5' ]
91 silly lockFile 46898725-karma-jasmine-0-1-5 karma-jasmine@0.1.5
92 verbose lock karma-jasmine@0.1.5 /home/macchli/.npm/46898725-karma-jasmine-0-1-5.lock
93 silly lockFile 5b4ecc13-karma-phantomjs-launcher-0-1-4 karma-phantomjs-launcher@0.1.4
94 silly lockFile 5b4ecc13-karma-phantomjs-launcher-0-1-4 karma-phantomjs-launcher@0.1.4
95 silly lockFile cdd40d81-karma-phantomjs-launcher karma-phantomjs-launcher@
96 silly lockFile cdd40d81-karma-phantomjs-launcher karma-phantomjs-launcher@
97 silly lockFile 46898725-karma-jasmine-0-1-5 karma-jasmine@0.1.5
98 silly lockFile 46898725-karma-jasmine-0-1-5 karma-jasmine@0.1.5
99 silly lockFile a9316641-karma-jasmine karma-jasmine@
100 silly lockFile a9316641-karma-jasmine karma-jasmine@
101 silly resolved [ { name: 'grunt-karma',
101 silly resolved     version: '0.8.3',
101 silly resolved     description: 'grunt plugin for karma test runner',
101 silly resolved     main: 'tasks/grunt-karma.js',
101 silly resolved     repository:
101 silly resolved      { type: 'git',
101 silly resolved        url: 'https://github.com/karma-runner/grunt-karma.git' },
101 silly resolved     keywords: [ 'gruntplugin', 'karma', 'grunt', 'test', 'unit', 'runner', 'TDD' ],
101 silly resolved     scripts: { test: 'grunt test' },
101 silly resolved     author: { name: 'Dave Geddes' },
101 silly resolved     license: 'MIT',
101 silly resolved     readmeFilename: 'README.md',
101 silly resolved     dependencies: { lodash: '~2.4.1' },
101 silly resolved     devDependencies:
101 silly resolved      { grunt: '~0.4.3',
101 silly resolved        'expect.js': '~0.2.0',
101 silly resolved        'grunt-release': '~0.5.1',
101 silly resolved        'grunt-contrib-watch': '~0.2.0',
101 silly resolved        'grunt-conventional-changelog': '~0.0.12',
101 silly resolved        'karma-mocha': '~0.1.3',
101 silly resolved        karma: '~0.12.0',
101 silly resolved        'karma-firefox-launcher': '~0.1.3',
101 silly resolved        'karma-chrome-launcher': '~0.1.2' },
101 silly resolved     peerDependencies: { grunt: '0.4.x', karma: '~0.12.0' },
101 silly resolved     readme: '# grunt-karma [![Build Status](https://travis-ci.org/karma-runner/grunt-karma.png?branch=master)](https://travis-ci.org/karma-runner/grunt-karma)\n\n> Grunt plugin for [Karma](https://github.com/karma-runner/karma)\n\nThis current version `0.8.0` uses `karma@0.12.x`. For using older versions see the\nold releases of grunt-karma.\n\n## Getting Started\nFrom the same directory as your project\'s Gruntfile and package.json, install\nthis plugin with the following command:\n\n```bash\n$ npm install grunt-karma --save-dev\n```\n\nOnce that\'s done, add this line to your project\'s Gruntfile:\n\n```js\ngrunt.loadNpmTasks(\'grunt-karma\');\n```\n\n## Config\nInside your `Gruntfile.js` file, add a section named `karma`, containing\nany number of configurations for running karma. You can either put your\nconfig in a [karma config file] or leave it all in your Gruntfile (recommended).\n\n### Here\'s an example that points to the config file:\n\n```js\nkarma: {\n  unit: {\n    configFile: \'karma.conf.js\'\n  }\n}\n```\n\n### Here\'s an example that puts the config in the Gruntfile:\n\n```js\nkarma: {\n  unit: {\n    options: {\n      files: [\'test/**/*.js\']\n    }\n  }\n}\n```\n\nYou can override any of the config file\'s settings by putting them\ndirectly in the Gruntfile:\n\n```js\nkarma: {\n  unit: {\n    configFile: \'karma.conf.js\',\n    runnerPort: 9999,\n    singleRun: true,\n    browsers: [\'PhantomJS\'],\n    logLevel: \'ERROR\'\n  }\n}\n```\n\nTo change the `logLevel` in the grunt config file instead of the karma config, use one of the following strings:\n`OFF`, `ERROR`, `WARN`, `INFO`, `DEBUG`\n\n### Config with Grunt Template Strings in `files`\n\nWhen using template strings in the `files` option, the results will flattened. Therefore, if you include a variable that includes an array, the array will be flattened before being passed to Karma.\n\nExample:\n\n```js\nmeta: {\n  jsFiles: [\'jquery.js\',\'angular.js\']\n},\nkarma: {\n  options: {\n    files: [\'<%= meta.jsFiles %>\',\'angular-mocks.js\',\'**/*-spec.js\']\n  }\n}\n```\n\n## Sharing Configs\nIf you have multiple targets, it may be helpful to share common\nconfiguration settings between them. Grunt-karma supports this by\nusing the `options` property:\n\n```js\nkarma: {\n  options: {\n    configFile: \'karma.conf.js\',\n    runnerPort: 9999,\n    browsers: [\'Chrome\', \'Firefox\']\n  },\n  continuous: {\n    singleRun: true,\n    browsers: [\'PhantomJS\']\n  },\n  dev: {\n    reporters: \'dots\'\n  }\n}\n```\n\nIn this example the `continuous` and `dev` targets will both use\nthe `configFile` and `runnerPort` specified in the `options`. But\nthe `continuous` target will override the browser setting to use\nPhantomJS, and also run as a singleRun. The `dev` target will simply\nchange the reporter to dots.\n\n## Running tests\nThere are three ways to run your tests with karma:\n\n### Karma Server with Auto Runs on File Change\nSetting the `autoWatch` option to true will instruct karma to start\na server and watch for changes to files, running tests automatically:\n\n```js\nkarma: {\n  unit: {\n    configFile: \'karma.conf.js\',\n    autoWatch: true\n  }\n}\n```\nNow run `$ grunt karma`\n\n### Karma Server with Grunt Watch\nMany Grunt projects watch several types of files using [grunt-contrib-watch].\nConfig karma like usual (without the autoWatch option), and add\n`background:true`:\n\n```js\nkarma: {\n  unit: {\n    configFile: \'karma.conf.js\',\n    background: true\n  }\n}\n```\nThe `background` option will tell grunt to run karma in a child process\nso it doesn\'t block subsequent grunt tasks.\n\nConfig your `watch` task to run the karma task with the `:run` flag. For example:\n\n```js\nwatch: {\n  //run unit tests with karma (server needs to be already running)\n  karma: {\n    files: [\'app/js/**/*.js\', \'test/browser/**/*.js\'],\n    tasks: [\'karma:unit:run\'] //NOTE the :run flag\n  }\n},\n```\n\nIn your terminal window run `$ grunt karma:unit:start watch`, which starts the\nkarma server and the watch task. Now when grunt watch detects a change to\none of your watched files, it will run the tests specified in the `unit`\ntarget using the already running karma server. This is the preferred method\nfor development.\n\n### Single Run\nKeeping a browser window & karma server running during development is\nproductive, but not a good solution for build processes. For that reason karma\nprovides a "continuous integration" mode, which will launch the specified\nbrowser(s), run the tests, and close the browser(s). It also supports running\ntests in [PhantomJS], a headless webkit browser which is great for running tests as part of a build. To run tests in continous integration mode just add the `singleRun` option:\n\n```js\nkarma: {\n  unit: {\n    configFile: \'config/karma.conf.js\',\n  },\n  //continuous integration mode: run tests once in PhantomJS browser.\n  continuous: {\n    configFile: \'config/karma.conf.js\',\n    singleRun: true,\n    browsers: [\'PhantomJS\']\n  },\n}\n```\n\nThe build would then run `grunt karma:continuous` to start PhantomJS,\nrun tests, and close PhantomJS.\n\n## Using additional client.args\nYou can pass arbitrary `client.args` through the commandline like this:\n\n```bash\n$ grunt karma:dev watch --grep=mypattern\n```\n\n\n## License\nMIT License\n\n[karma-config-file]: http://karma-runner.github.com/0.8/config/configuration-file.html\n[grunt-contrib-watch]: https://github.com/gruntjs/grunt-contrib-watch\n[PhantomJS]: http://phantomjs.org/\n[karma-mocha]: https://github.com/karma-runner/karma-mocha\n',
101 silly resolved     bugs: { url: 'https://github.com/karma-runner/grunt-karma/issues' },
101 silly resolved     _id: 'grunt-karma@0.8.3',
101 silly resolved     _from: 'grunt-karma@' },
101 silly resolved   { name: 'karma-phantomjs-launcher',
101 silly resolved     version: '0.1.4',
101 silly resolved     description: 'A Karma plugin. Launcher for PhantomJS.',
101 silly resolved     main: 'index.js',
101 silly resolved     scripts: { test: 'echo "Error: no test specified" && exit 1' },
101 silly resolved     repository:
101 silly resolved      { type: 'git',
101 silly resolved        url: 'git://github.com/karma-runner/karma-phantomjs-launcher.git' },
101 silly resolved     keywords: [ 'karma-plugin', 'karma-launcher', 'phantomjs' ],
101 silly resolved     author: { name: 'Vojta Jina', email: 'vojta.jina@gmail.com' },
101 silly resolved     dependencies: { phantomjs: '~1.9' },
101 silly resolved     peerDependencies: { karma: '>=0.9' },
101 silly resolved     license: 'MIT',
101 silly resolved     devDependencies:
101 silly resolved      { grunt: '~0.4.1',
101 silly resolved        'grunt-npm': '~0.0.2',
101 silly resolved        'grunt-bump': '~0.0.7',
101 silly resolved        'grunt-auto-release': '~0.0.2' },
101 silly resolved     contributors:
101 silly resolved      [ [Object],
101 silly resolved        [Object],
101 silly resolved        [Object],
101 silly resolved        [Object],
101 silly resolved        [Object],
101 silly resolved        [Object],
101 silly resolved        [Object],
101 silly resolved        [Object],
101 silly resolved        [Object],
101 silly resolved        [Object] ],
101 silly resolved     bugs: { url: 'https://github.com/karma-runner/karma-phantomjs-launcher/issues' },
101 silly resolved     readme: 'ERROR: No README data found!',
101 silly resolved     _id: 'karma-phantomjs-launcher@0.1.4',
101 silly resolved     _from: 'karma-phantomjs-launcher@' },
101 silly resolved   { name: 'karma-jasmine',
101 silly resolved     version: '0.1.5',
101 silly resolved     description: 'A Karma plugin - adapter for Jasmine testing framework.',
101 silly resolved     main: 'lib/index.js',
101 silly resolved     scripts: { test: 'grunt test' },
101 silly resolved     repository:
101 silly resolved      { type: 'git',
101 silly resolved        url: 'git://github.com/karma-runner/karma-jasmine.git' },
101 silly resolved     keywords: [ 'karma-plugin', 'karma-adapter', 'jasmine' ],
101 silly resolved     author: { name: 'Vojta Jina', email: 'vojta.jina@gmail.com' },
101 silly resolved     dependencies: {},
101 silly resolved     devDependencies:
101 silly resolved      { grunt: '~0.4.1',
101 silly resolved        'grunt-contrib-jshint': '~0.6',
101 silly resolved        karma: '~0.9',
101 silly resolved        'karma-jasmine': '*',
101 silly resolved        'grunt-karma': '~0.4',
101 silly resolved        'grunt-auto-release': '~0.0.2',
101 silly resolved        'grunt-npm': '~0.0.2',
101 silly resolved        'grunt-bump': '~0.0.7' },
101 silly resolved     peerDependencies: { karma: '>=0.9' },
101 silly resolved     license: 'MIT',
101 silly resolved     contributors: [ [Object], [Object] ],
101 silly resolved     readme: '# karma-jasmine [![Build Status](https://travis-ci.org/karma-runner/karma-jasmine.png?branch=master)](https://travis-ci.org/karma-runner/karma-jasmine)\n\n> Adapter for the [Jasmine](http://pivotal.github.io/jasmine/) testing framework.\n\n## Installation\n\n**This plugin ships with Karma by default, so you don\'t need to install it, it should just work ;-)**\n\nThe easiest way is to keep `karma-jasmine` as a devDependency in your `package.json`.\n```json\n{\n  "devDependencies": {\n    "karma": "~0.10",\n    "karma-jasmine": "~0.1"\n  }\n}\n```\n\nYou can simple do it by:\n```bash\nnpm install karma-jasmine --save-dev\n```\n\n## Configuration\n```js\n// karma.conf.js\nmodule.exports = function(config) {\n  config.set({\n    frameworks: [\'jasmine\'],\n\n    files: [\n      \'*.js\'\n    ]\n  });\n};\n```\n\n----\n\nFor more information on Karma see the [homepage].\n\n\n[homepage]: http://karma-runner.github.com\n',
101 silly resolved     readmeFilename: 'README.md',
101 silly resolved     bugs: { url: 'https://github.com/karma-runner/karma-jasmine/issues' },
101 silly resolved     _id: 'karma-jasmine@0.1.5',
101 silly resolved     _from: 'karma-jasmine@' } ]
102 info install grunt-karma@0.8.3 into /home/macchli/Workspace/IMG/mess-menu
103 info install karma-phantomjs-launcher@0.1.4 into /home/macchli/Workspace/IMG/mess-menu
104 info install karma-jasmine@0.1.5 into /home/macchli/Workspace/IMG/mess-menu
105 info installOne grunt-karma@0.8.3
106 info installOne karma-phantomjs-launcher@0.1.4
107 info installOne karma-jasmine@0.1.5
108 info /home/macchli/Workspace/IMG/mess-menu/node_modules/grunt-karma unbuild
109 info /home/macchli/Workspace/IMG/mess-menu/node_modules/karma-phantomjs-launcher unbuild
110 info /home/macchli/Workspace/IMG/mess-menu/node_modules/karma-jasmine unbuild
111 verbose tar unpack /home/macchli/.npm/grunt-karma/0.8.3/package.tgz
112 silly lockFile 1e1613f8-ss-menu-node-modules-grunt-karma tar:///home/macchli/Workspace/IMG/mess-menu/node_modules/grunt-karma
113 verbose lock tar:///home/macchli/Workspace/IMG/mess-menu/node_modules/grunt-karma /home/macchli/.npm/1e1613f8-ss-menu-node-modules-grunt-karma.lock
114 silly lockFile 7ce815e1-pm-grunt-karma-0-8-3-package-tgz tar:///home/macchli/.npm/grunt-karma/0.8.3/package.tgz
115 verbose lock tar:///home/macchli/.npm/grunt-karma/0.8.3/package.tgz /home/macchli/.npm/7ce815e1-pm-grunt-karma-0-8-3-package-tgz.lock
116 verbose tar unpack /home/macchli/.npm/karma-phantomjs-launcher/0.1.4/package.tgz
117 silly lockFile 4654f203-modules-karma-phantomjs-launcher tar:///home/macchli/Workspace/IMG/mess-menu/node_modules/karma-phantomjs-launcher
118 verbose lock tar:///home/macchli/Workspace/IMG/mess-menu/node_modules/karma-phantomjs-launcher /home/macchli/.npm/4654f203-modules-karma-phantomjs-launcher.lock
119 silly lockFile 39e7984e-tomjs-launcher-0-1-4-package-tgz tar:///home/macchli/.npm/karma-phantomjs-launcher/0.1.4/package.tgz
120 verbose lock tar:///home/macchli/.npm/karma-phantomjs-launcher/0.1.4/package.tgz /home/macchli/.npm/39e7984e-tomjs-launcher-0-1-4-package-tgz.lock
121 verbose tar unpack /home/macchli/.npm/karma-jasmine/0.1.5/package.tgz
122 silly lockFile 581950e6--menu-node-modules-karma-jasmine tar:///home/macchli/Workspace/IMG/mess-menu/node_modules/karma-jasmine
123 verbose lock tar:///home/macchli/Workspace/IMG/mess-menu/node_modules/karma-jasmine /home/macchli/.npm/581950e6--menu-node-modules-karma-jasmine.lock
124 silly lockFile 457ba4de--karma-jasmine-0-1-5-package-tgz tar:///home/macchli/.npm/karma-jasmine/0.1.5/package.tgz
125 verbose lock tar:///home/macchli/.npm/karma-jasmine/0.1.5/package.tgz /home/macchli/.npm/457ba4de--karma-jasmine-0-1-5-package-tgz.lock
126 silly gunzTarPerm modes [ '755', '644' ]
127 silly gunzTarPerm modes [ '755', '644' ]
128 silly gunzTarPerm modes [ '755', '644' ]
129 silly gunzTarPerm extractEntry package.json
130 silly gunzTarPerm extractEntry README.md
131 silly gunzTarPerm extractEntry LICENSE
132 silly gunzTarPerm extractEntry lib/adapter.js
133 silly gunzTarPerm extractEntry lib/index.js
134 silly gunzTarPerm extractEntry lib/jasmine.js
135 silly gunzTarPerm extractEntry package.json
136 silly gunzTarPerm extractEntry .npmignore
137 silly gunzTarPerm extractEntry README.md
138 silly gunzTarPerm extractEntry LICENSE
139 silly gunzTarPerm extractEntry Gruntfile.js
140 silly gunzTarPerm extractEntry .travis.yml
141 silly gunzTarPerm extractEntry TODO.md
142 silly gunzTarPerm extractEntry lib/background.js
143 silly gunzTarPerm extractEntry CHANGELOG.md
144 silly gunzTarPerm extractEntry tasks/grunt-karma.js
145 silly gunzTarPerm extractEntry test/grunt-karma-test.js
146 silly lockFile 1e1613f8-ss-menu-node-modules-grunt-karma tar:///home/macchli/Workspace/IMG/mess-menu/node_modules/grunt-karma
147 silly lockFile 1e1613f8-ss-menu-node-modules-grunt-karma tar:///home/macchli/Workspace/IMG/mess-menu/node_modules/grunt-karma
148 silly lockFile 7ce815e1-pm-grunt-karma-0-8-3-package-tgz tar:///home/macchli/.npm/grunt-karma/0.8.3/package.tgz
149 silly lockFile 7ce815e1-pm-grunt-karma-0-8-3-package-tgz tar:///home/macchli/.npm/grunt-karma/0.8.3/package.tgz
150 info preinstall grunt-karma@0.8.3
151 silly gunzTarPerm extractEntry package.json
152 verbose readDependencies using package.json deps
153 verbose readDependencies using package.json deps
154 silly gunzTarPerm extractEntry LICENSE
155 silly gunzTarPerm extractEntry index.js
156 verbose cache add [ 'lodash@~2.4.1', null ]
157 verbose cache add name=undefined spec="lodash@~2.4.1" args=["lodash@~2.4.1",null]
158 verbose parsed url { protocol: null,
158 verbose parsed url   slashes: null,
158 verbose parsed url   auth: null,
158 verbose parsed url   host: null,
158 verbose parsed url   port: null,
158 verbose parsed url   hostname: null,
158 verbose parsed url   hash: null,
158 verbose parsed url   search: null,
158 verbose parsed url   query: null,
158 verbose parsed url   pathname: 'lodash@~2.4.1',
158 verbose parsed url   path: 'lodash@~2.4.1',
158 verbose parsed url   href: 'lodash@~2.4.1' }
159 verbose cache add name="lodash" spec="~2.4.1" args=["lodash","~2.4.1"]
160 verbose parsed url { protocol: null,
160 verbose parsed url   slashes: null,
160 verbose parsed url   auth: null,
160 verbose parsed url   host: null,
160 verbose parsed url   port: null,
160 verbose parsed url   hostname: null,
160 verbose parsed url   hash: null,
160 verbose parsed url   search: null,
160 verbose parsed url   query: null,
160 verbose parsed url   pathname: '~2.4.1',
160 verbose parsed url   path: '~2.4.1',
160 verbose parsed url   href: '~2.4.1' }
161 verbose addNamed [ 'lodash', '~2.4.1' ]
162 verbose addNamed [ null, '>=2.4.1-0 <2.5.0-0' ]
163 silly lockFile 257f9ab3-lodash-2-4-1 lodash@~2.4.1
164 verbose lock lodash@~2.4.1 /home/macchli/.npm/257f9ab3-lodash-2-4-1.lock
165 silly addNameRange { name: 'lodash', range: '>=2.4.1-0 <2.5.0-0', hasData: false }
166 verbose url raw lodash
167 verbose url resolving [ 'https://registry.npmjs.org/', './lodash' ]
168 verbose url resolved https://registry.npmjs.org/lodash
169 info trying registry request attempt 1 at 23:53:27
170 verbose etag "5NG3C3WF6TIA6XX4P5IXJFS5D"
171 http GET https://registry.npmjs.org/lodash
172 silly lockFile 581950e6--menu-node-modules-karma-jasmine tar:///home/macchli/Workspace/IMG/mess-menu/node_modules/karma-jasmine
173 silly lockFile 581950e6--menu-node-modules-karma-jasmine tar:///home/macchli/Workspace/IMG/mess-menu/node_modules/karma-jasmine
174 silly lockFile 457ba4de--karma-jasmine-0-1-5-package-tgz tar:///home/macchli/.npm/karma-jasmine/0.1.5/package.tgz
175 silly lockFile 457ba4de--karma-jasmine-0-1-5-package-tgz tar:///home/macchli/.npm/karma-jasmine/0.1.5/package.tgz
176 info preinstall karma-jasmine@0.1.5
177 verbose readDependencies using package.json deps
178 verbose readDependencies using package.json deps
179 silly resolved []
180 verbose about to build /home/macchli/Workspace/IMG/mess-menu/node_modules/karma-jasmine
181 info build /home/macchli/Workspace/IMG/mess-menu/node_modules/karma-jasmine
182 verbose linkStuff [ false,
182 verbose linkStuff   false,
182 verbose linkStuff   false,
182 verbose linkStuff   '/home/macchli/Workspace/IMG/mess-menu/node_modules' ]
183 info linkStuff karma-jasmine@0.1.5
184 verbose linkBins karma-jasmine@0.1.5
185 verbose linkMans karma-jasmine@0.1.5
186 verbose rebuildBundles karma-jasmine@0.1.5
187 info install karma-jasmine@0.1.5
188 info postinstall karma-jasmine@0.1.5
189 verbose readDependencies using package.json deps
190 silly lockFile 4654f203-modules-karma-phantomjs-launcher tar:///home/macchli/Workspace/IMG/mess-menu/node_modules/karma-phantomjs-launcher
191 silly lockFile 4654f203-modules-karma-phantomjs-launcher tar:///home/macchli/Workspace/IMG/mess-menu/node_modules/karma-phantomjs-launcher
192 silly lockFile 39e7984e-tomjs-launcher-0-1-4-package-tgz tar:///home/macchli/.npm/karma-phantomjs-launcher/0.1.4/package.tgz
193 silly lockFile 39e7984e-tomjs-launcher-0-1-4-package-tgz tar:///home/macchli/.npm/karma-phantomjs-launcher/0.1.4/package.tgz
194 verbose cache add [ 'karma@>=0.9', null ]
195 verbose cache add name=undefined spec="karma@>=0.9" args=["karma@>=0.9",null]
196 verbose parsed url { protocol: null,
196 verbose parsed url   slashes: null,
196 verbose parsed url   auth: null,
196 verbose parsed url   host: null,
196 verbose parsed url   port: null,
196 verbose parsed url   hostname: null,
196 verbose parsed url   hash: null,
196 verbose parsed url   search: null,
196 verbose parsed url   query: null,
196 verbose parsed url   pathname: 'karma@%3E=0.9',
196 verbose parsed url   path: 'karma@%3E=0.9',
196 verbose parsed url   href: 'karma@%3E=0.9' }
197 verbose cache add name="karma" spec=">=0.9" args=["karma",">=0.9"]
198 verbose parsed url { protocol: null,
198 verbose parsed url   slashes: null,
198 verbose parsed url   auth: null,
198 verbose parsed url   host: null,
198 verbose parsed url   port: null,
198 verbose parsed url   hostname: null,
198 verbose parsed url   hash: null,
198 verbose parsed url   search: null,
198 verbose parsed url   query: null,
198 verbose parsed url   pathname: '%3E=0.9',
198 verbose parsed url   path: '%3E=0.9',
198 verbose parsed url   href: '%3E=0.9' }
199 verbose addNamed [ 'karma', '>=0.9' ]
200 verbose addNamed [ null, '>=0.9.0-0' ]
201 silly lockFile 0ddc6e0a-karma-0-9 karma@>=0.9
202 verbose lock karma@>=0.9 /home/macchli/.npm/0ddc6e0a-karma-0-9.lock
203 silly addNameRange { name: 'karma', range: '>=0.9.0-0', hasData: false }
204 info preinstall karma-phantomjs-launcher@0.1.4
205 verbose readDependencies using package.json deps
206 verbose readDependencies using package.json deps
207 verbose cache add [ 'phantomjs@~1.9', null ]
208 verbose cache add name=undefined spec="phantomjs@~1.9" args=["phantomjs@~1.9",null]
209 verbose parsed url { protocol: null,
209 verbose parsed url   slashes: null,
209 verbose parsed url   auth: null,
209 verbose parsed url   host: null,
209 verbose parsed url   port: null,
209 verbose parsed url   hostname: null,
209 verbose parsed url   hash: null,
209 verbose parsed url   search: null,
209 verbose parsed url   query: null,
209 verbose parsed url   pathname: 'phantomjs@~1.9',
209 verbose parsed url   path: 'phantomjs@~1.9',
209 verbose parsed url   href: 'phantomjs@~1.9' }
210 verbose cache add name="phantomjs" spec="~1.9" args=["phantomjs","~1.9"]
211 verbose parsed url { protocol: null,
211 verbose parsed url   slashes: null,
211 verbose parsed url   auth: null,
211 verbose parsed url   host: null,
211 verbose parsed url   port: null,
211 verbose parsed url   hostname: null,
211 verbose parsed url   hash: null,
211 verbose parsed url   search: null,
211 verbose parsed url   query: null,
211 verbose parsed url   pathname: '~1.9',
211 verbose parsed url   path: '~1.9',
211 verbose parsed url   href: '~1.9' }
212 verbose addNamed [ 'phantomjs', '~1.9' ]
213 verbose addNamed [ null, '>=1.9.0-0 <1.10.0-0' ]
214 silly lockFile 472de541-phantomjs-1-9 phantomjs@~1.9
215 verbose lock phantomjs@~1.9 /home/macchli/.npm/472de541-phantomjs-1-9.lock
216 silly addNameRange { name: 'phantomjs',
216 silly addNameRange   range: '>=1.9.0-0 <1.10.0-0',
216 silly addNameRange   hasData: false }
217 verbose url raw phantomjs
218 verbose url resolving [ 'https://registry.npmjs.org/', './phantomjs' ]
219 verbose url resolved https://registry.npmjs.org/phantomjs
220 info trying registry request attempt 1 at 23:53:27
221 verbose etag "CLMBJEDDMEG62ERDYP1QEB46I"
222 http GET https://registry.npmjs.org/phantomjs
223 verbose url raw karma
224 verbose url resolving [ 'https://registry.npmjs.org/', './karma' ]
225 verbose url resolved https://registry.npmjs.org/karma
226 info trying registry request attempt 1 at 23:53:27
227 verbose etag "3Z1HKW4752WR528IBO7MSCEZR"
228 http GET https://registry.npmjs.org/karma
229 http 304 https://registry.npmjs.org/lodash
230 silly registry.get cb [ 304,
230 silly registry.get   { date: 'Wed, 13 Aug 2014 18:23:51 GMT',
230 silly registry.get     server: 'Apache',
230 silly registry.get     via: '1.1 varnish',
230 silly registry.get     'last-modified': 'Wed, 13 Aug 2014 18:23:01 GMT',
230 silly registry.get     'cache-control': 'max-age=60',
230 silly registry.get     etag: '"5NG3C3WF6TIA6XX4P5IXJFS5D"',
230 silly registry.get     'x-served-by': 'cache-lax1434-LAX',
230 silly registry.get     'x-cache': 'HIT',
230 silly registry.get     'x-cache-hits': '4',
230 silly registry.get     'x-timer': 'S1407954231.927067,VS0,VE0',
230 silly registry.get     vary: 'Accept',
230 silly registry.get     'content-length': '0',
230 silly registry.get     'keep-alive': 'timeout=10, max=50',
230 silly registry.get     connection: 'Keep-Alive' } ]
231 verbose etag lodash from cache
232 silly addNameRange number 2 { name: 'lodash', range: '>=2.4.1-0 <2.5.0-0', hasData: true }
233 silly addNameRange versions [ 'lodash',
233 silly addNameRange   [ '0.1.0',
233 silly addNameRange     '0.2.0',
233 silly addNameRange     '0.2.1',
233 silly addNameRange     '0.2.2',
233 silly addNameRange     '0.3.0',
233 silly addNameRange     '0.3.1',
233 silly addNameRange     '0.3.2',
233 silly addNameRange     '0.4.0',
233 silly addNameRange     '0.4.1',
233 silly addNameRange     '0.4.2',
233 silly addNameRange     '0.5.0-rc.1',
233 silly addNameRange     '0.5.0',
233 silly addNameRange     '0.5.1',
233 silly addNameRange     '0.5.2',
233 silly addNameRange     '0.6.0',
233 silly addNameRange     '0.6.1',
233 silly addNameRange     '0.7.0',
233 silly addNameRange     '0.8.0',
233 silly addNameRange     '0.8.1',
233 silly addNameRange     '0.8.2',
233 silly addNameRange     '0.9.0',
233 silly addNameRange     '0.9.1',
233 silly addNameRange     '0.9.2',
233 silly addNameRange     '0.10.0',
233 silly addNameRange     '1.0.0-rc.1',
233 silly addNameRange     '1.0.0-rc.2',
233 silly addNameRange     '1.0.0-rc.3',
233 silly addNameRange     '1.0.0',
233 silly addNameRange     '1.0.1',
233 silly addNameRange     '1.1.0',
233 silly addNameRange     '1.1.1',
233 silly addNameRange     '1.2.0',
233 silly addNameRange     '1.2.1',
233 silly addNameRange     '1.3.0',
233 silly addNameRange     '1.3.1',
233 silly addNameRange     '2.0.0',
233 silly addNameRange     '2.1.0',
233 silly addNameRange     '2.2.0',
233 silly addNameRange     '2.2.1',
233 silly addNameRange     '2.3.0',
233 silly addNameRange     '2.4.0',
233 silly addNameRange     '2.4.1' ] ]
234 verbose addNamed [ 'lodash', '2.4.1' ]
235 verbose addNamed [ '2.4.1', '2.4.1' ]
236 silly lockFile 8502be2a-lodash-2-4-1 lodash@2.4.1
237 verbose lock lodash@2.4.1 /home/macchli/.npm/8502be2a-lodash-2-4-1.lock
238 silly lockFile 8502be2a-lodash-2-4-1 lodash@2.4.1
239 silly lockFile 8502be2a-lodash-2-4-1 lodash@2.4.1
240 silly lockFile 257f9ab3-lodash-2-4-1 lodash@~2.4.1
241 silly lockFile 257f9ab3-lodash-2-4-1 lodash@~2.4.1
242 silly resolved [ { name: 'lodash',
242 silly resolved     version: '2.4.1',
242 silly resolved     description: 'A utility library delivering consistency, customization, performance, & extras.',
242 silly resolved     homepage: 'http://lodash.com/',
242 silly resolved     license: 'MIT',
242 silly resolved     main: 'dist/lodash.js',
242 silly resolved     keywords:
242 silly resolved      [ 'amd',
242 silly resolved        'browser',
242 silly resolved        'client',
242 silly resolved        'customize',
242 silly resolved        'functional',
242 silly resolved        'server',
242 silly resolved        'util' ],
242 silly resolved     author:
242 silly resolved      { name: 'John-David Dalton',
242 silly resolved        email: 'john.david.dalton@gmail.com',
242 silly resolved        url: 'http://allyoucanleet.com/' },
242 silly resolved     contributors: [ [Object], [Object], [Object], [Object] ],
242 silly resolved     bugs: { url: 'https://github.com/lodash/lodash/issues' },
242 silly resolved     repository: { type: 'git', url: 'https://github.com/lodash/lodash.git' },
242 silly resolved     engines: [ 'node', 'rhino' ],
242 silly resolved     files:
242 silly resolved      [ 'LICENSE.txt',
242 silly resolved        'lodash.js',
242 silly resolved        'dist/lodash.js',
242 silly resolved        'dist/lodash.min.js',
242 silly resolved        'dist/lodash.compat.js',
242 silly resolved        'dist/lodash.compat.min.js',
242 silly resolved        'dist/lodash.underscore.js',
242 silly resolved        'dist/lodash.underscore.min.js' ],
242 silly resolved     jam: { main: 'dist/lodash.compat.js', include: [Object] },
242 silly resolved     volo: { type: 'directory', ignore: [Object] },
242 silly resolved     readme: '# Lo-Dash v2.4.1\nA utility library delivering consistency, [customization](http://lodash.com/custom-builds), [performance](http://lodash.com/benchmarks), & [extras](http://lodash.com/#features).\n\n## Download\n\nCheck out our [wiki]([https://github.com/lodash/lodash/wiki/build-differences]) for details over the differences between builds.\n\n* Modern builds perfect for newer browsers/environments:<br>\n[Development](https://raw.github.com/lodash/lodash/2.4.1/dist/lodash.js) &\n[Production](https://raw.github.com/lodash/lodash/2.4.1/dist/lodash.min.js)\n\n* Compatibility builds for older environment support too:<br>\n[Development](https://raw.github.com/lodash/lodash/2.4.1/dist/lodash.compat.js) &\n[Production](https://raw.github.com/lodash/lodash/2.4.1/dist/lodash.compat.min.js)\n\n* Underscore builds to use as a drop-in replacement:<br>\n[Development](https://raw.github.com/lodash/lodash/2.4.1/dist/lodash.underscore.js) &\n[Production](https://raw.github.com/lodash/lodash/2.4.1/dist/lodash.underscore.min.js)\n\nCDN copies are available on [cdnjs](http://cdnjs.com/libraries/lodash.js/) & [jsDelivr](http://www.jsdelivr.com/#!lodash). For smaller file sizes, create [custom builds](http://lodash.com/custom-builds) with only the features needed.\n\nLove modules? We’ve got you covered with [lodash-amd](https://npmjs.org/package/lodash-amd), [lodash-es6](https://github.com/lodash/lodash-es6), [lodash-node](https://npmjs.org/package/lodash-node), & [npm packages](https://npmjs.org/browse/keyword/lodash-modularized) per method.\n\n## Dive in\n\nThere’s plenty of **[documentation](http://lodash.com/docs)**, [unit tests](http://lodash.com/tests), & [benchmarks](http://lodash.com/benchmarks).<br>\nCheck out <a href="http://devdocs.io/lodash/">DevDocs</a> as a fast, organized, & searchable interface for our documentation.\n\nThe full changelog for this release is available on our [wiki](https://github.com/lodash/lodash/wiki/Changelog).<br>\nA list of upcoming features is available on our [roadmap](https://github.com/lodash/lodash/wiki/Roadmap).\n\n## Features *not* in Underscore\n\n * AMD loader support ([curl](https://github.com/cujojs/curl), [dojo](http://dojotoolkit.org/), [requirejs](http://requirejs.org/), etc.)\n * [_(…)](http://lodash.com/docs#_) supports intuitive chaining\n * [_.at](http://lodash.com/docs#at) for cherry-picking collection values\n * [_.bindKey](http://lodash.com/docs#bindKey) for binding [*“lazy”*](http://michaux.ca/articles/lazy-function-definition-pattern) defined methods\n * [_.clone](http://lodash.com/docs#clone) supports shallow cloning of `Date` & `RegExp` objects\n * [_.cloneDeep](http://lodash.com/docs#cloneDeep) for deep cloning arrays & objects\n * [_.constant](http://lodash.com/docs#constant) & [_.property](http://lodash.com/docs#property) function generators for composing functions\n * [_.contains](http://lodash.com/docs#contains) accepts a `fromIndex`\n * [_.create](http://lodash.com/docs#create) for easier object inheritance\n * [_.createCallback](http://lodash.com/docs#createCallback) for extending callbacks in methods & mixins\n * [_.curry](http://lodash.com/docs#curry) for creating [curried](http://hughfdjackson.com/javascript/2013/07/06/why-curry-helps/) functions\n * [_.debounce](http://lodash.com/docs#debounce) & [_.throttle](http://lodash.com/docs#throttle) accept additional `options` for more control\n * [_.findIndex](http://lodash.com/docs#findIndex) & [_.findKey](http://lodash.com/docs#findKey) for finding indexes & keys\n * [_.forEach](http://lodash.com/docs#forEach) is chainable & supports exiting early\n * [_.forIn](http://lodash.com/docs#forIn) for iterating own & inherited properties\n * [_.forOwn](http://lodash.com/docs#forOwn) for iterating own properties\n * [_.isPlainObject](http://lodash.com/docs#isPlainObject) for checking if values are created by `Object`\n * [_.mapValues](http://lodash.com/docs#mapValues) for [mapping](http://lodash.com/docs#map) values to an object\n * [_.memoize](http://lodash.com/docs#memoize) exposes the `cache` of memoized functions\n * [_.merge](http://lodash.com/docs#merge) for a deep [_.extend](http://lodash.com/docs#extend)\n * [_.noop](http://lodash.com/docs#noop) for function placeholders\n * [_.now](http://lodash.com/docs#now) as a cross-browser `Date.now` alternative\n * [_.parseInt](http://lodash.com/docs#parseInt) for consistent behavior\n * [_.pull](http://lodash.com/docs#pull) & [_.remove](http://lodash.com/docs#remove) for mutating arrays\n * [_.random](http://lodash.com/docs#random) supports returning floating-point numbers\n * [_.runInContext](http://lodash.com/docs#runInContext) for easier mocking\n * [_.sortBy](http://lodash.com/docs#sortBy) supports sorting by multiple properties\n * [_.support](http://lodash.com/docs#support) for flagging environment features\n * [_.template](http://lodash.com/docs#template) supports [*“imports”*](http://lodash.com/docs#templateSettings_imports) options & [ES6 template delimiters](http://people.mozilla.org/~jorendorff/es6-draft.html#sec-literals-string-literals)\n * [_.transform](http://lodash.com/docs#transform) as a powerful alternative to [_.reduce](http://lodash.com/docs#reduce) for transforming objects\n * [_.where](http://lodash.com/docs#where) supports deep object comparisons\n * [_.xor](http://lodash.com/docs#xor) as a companion to [_.difference](http://lodash.com/docs#difference), [_.intersection](http://lodash.com/docs#intersection), & [_.union](http://lodash.com/docs#union)\n * [_.zip](http://lodash.com/docs#zip) is capable of unzipping values\n * [_.omit](http://lodash.com/docs#omit), [_.pick](http://lodash.com/docs#pick), &\n   [more](http://lodash.com/docs "_.assign, _.clone, _.cloneDeep, _.first, _.initial, _.isEqual, _.last, _.merge, _.rest") accept callbacks\n * [_.contains](http://lodash.com/docs#contains), [_.toArray](http://lodash.com/docs#toArray), &\n   [more](http://lodash.com/docs "_.at, _.countBy, _.every, _.filter, _.find, _.forEach, _.forEachRight, _.groupBy, _.invoke, _.map, _.max, _.min, _.pluck, _.reduce, _.reduceRight, _.reject, _.shuffle, _.size, _.some, _.sortBy, _.where") accept strings\n * [_.filter](http://lodash.com/docs#filter), [_.map](http://lodash.com/docs#map), &\n   [more](http://lodash.com/docs "_.countBy, _.every, _.find, _.findKey, _.findLast, _.findLastIndex, _.findLastKey, _.first, _.groupBy, _.initial, _.last, _.max, _.min, _.reject, _.rest, _.some, _.sortBy, _.sortedIndex, _.uniq") support *“_.pluck”* & *“_.where”* shorthands\n * [_.findLast](http://lodash.com/docs#findLast), [_.findLastIndex](http://lodash.com/docs#findLastIndex), &\n   [more](http://lodash.com/docs "_.findLastKey, _.forEachRight, _.forInRight, _.forOwnRight, _.partialRight") right-associative methods\n\n## Resources\n\n * Podcasts\n  - [JavaScript Jabber](http://javascriptjabber.com/079-jsj-lo-dash-with-john-david-dalton/)\n\n * Posts\n  - [Say “Hello” to Lo-Dash](http://kitcambridge.be/blog/say-hello-to-lo-dash/)\n  - [Custom builds in Lo-Dash 2.0](http://kitcambridge.be/blog/custom-builds-in-lo-dash-2-dot-0/)\n\n * Videos\n  - [Introduction](https://vimeo.com/44154599)\n  - [Origins](https://vimeo.com/44154600)\n  - [Optimizations & builds](https://vimeo.com/44154601)\n  - [Native method use](https://vimeo.com/48576012)\n  - [Testing](https://vimeo.com/45865290)\n  - [CascadiaJS ’12](http://www.youtube.com/watch?v=dpPy4f_SeEk)\n\n A list of other community created podcasts, posts, & videos is available on our [wiki](https://github.com/lodash/lodash/wiki/Resources).\n\n## Support\n\nTested in Chrome 5~31, Firefox 2~25, IE 6-11, Opera 9.25~17, Safari 3-7, Node.js 0.6.21~0.10.22, Narwhal 0.3.2, PhantomJS 1.9.2, RingoJS 0.9, & Rhino 1.7RC5.<br>\nAutomated browser test results [are available](https://saucelabs.com/u/lodash) as well as [Travis CI](https://travis-ci.org/) builds for [lodash](https://travis-ci.org/lodash/lodash/), [lodash-cli](https://travis-ci.org/lodash/lodash-cli/), [lodash-amd](https://travis-ci.org/lodash/lodash-amd/), [lodash-node](https://travis-ci.org/lodash/lodash-node/), & [grunt-lodash](https://travis-ci.org/lodash/grunt-lodash).\n\nSpecial thanks to [Sauce Labs](https://saucelabs.com/) for providing automated browser testing.<br>\n[![Sauce Labs](http://lodash.com/_img/sauce.png)](https://saucelabs.com/ "Sauce Labs: Selenium Testing & More")\n\n## Installation & usage\n\nIn browsers:\n\n```html\n<script src="lodash.js"></script>\n```\n\nUsing [`npm`](http://npmjs.org/):\n\n```bash\nnpm i --save lodash\n\n{sudo} npm i -g lodash\nnpm ln lodash\n```\n\nIn [Node.js](http://nodejs.org/) & [Ringo](http://ringojs.org/):\n\n```js\nvar _ = require(\'lodash\');\n// or as Underscore\nvar _ = require(\'lodash/dist/lodash.underscore\');\n```\n\n**Notes:**\n * Don’t assign values to [special variable](http://nodejs.org/api/repl.html#repl_repl_features) `_` when in the REPL\n * If Lo-Dash is installed globally, run [`npm ln lodash`](http://blog.nodejs.org/2011/03/23/npm-1-0-global-vs-local-installation/) in your project’s root directory *before* requiring it\n\nIn [Rhino](http://www.mozilla.org/rhino/):\n\n```js\nload(\'lodash.js\');\n```\n\nIn an AMD loader:\n\n```js\nrequire({\n  \'packages\': [\n    { \'name\': \'lodash\', \'location\': \'path/to/lodash\', \'main\': \'lodash\' }\n  ]\n},\n[\'lodash\'], function(_) {\n  console.log(_.VERSION);\n});\n```\n\n## Author\n\n| [![twitter/jdalton](http://gravatar.com/avatar/299a3d891ff1920b69c364d061007043?s=70)](https://twitter.com/jdalton "Follow @jdalton on Twitter") |\n|---|\n| [John-David Dalton](http://allyoucanleet.com/) |\n\n## Contributors\n\n| [![twitter/blainebublitz](http://gravatar.com/avatar/ac1c67fd906c9fecd823ce302283b4c1?s=70)](https://twitter.com/blainebublitz "Follow @BlaineBublitz on Twitter") | [![twitter/kitcambridge](http://gravatar.com/avatar/6662a1d02f351b5ef2f8b4d815804661?s=70)](https://twitter.com/kitcambridge "Follow @kitcambridge on Twitter") | [![twitter/mathias](http://gravatar.com/avatar/24e08a9ea84deb17ae121074d0f17125?s=70)](https://twitter.com/mathias "Follow @mathias on Twitter") |\n|---|---|---|\n| [Blaine Bublitz](http://www.iceddev.com/) | [Kit Cambridge](http://kitcambridge.be/) | [Mathias Bynens](http://mathiasbynens.be/) |\n\n[![Bitdeli Badge](https://d2weczhvl823v0.cloudfront.net/lodash/lodash/trend.png)](https://bitdeli.com/free "Bitdeli Badge")\n',
242 silly resolved     readmeFilename: 'README.md',
242 silly resolved     _id: 'lodash@2.4.1',
242 silly resolved     _from: 'lodash@~2.4.1' } ]
243 info install lodash@2.4.1 into /home/macchli/Workspace/IMG/mess-menu/node_modules/grunt-karma
244 info installOne lodash@2.4.1
245 info /home/macchli/Workspace/IMG/mess-menu/node_modules/grunt-karma/node_modules/lodash unbuild
246 verbose tar unpack /home/macchli/.npm/lodash/2.4.1/package.tgz
247 silly lockFile 9257c19e--grunt-karma-node-modules-lodash tar:///home/macchli/Workspace/IMG/mess-menu/node_modules/grunt-karma/node_modules/lodash
248 verbose lock tar:///home/macchli/Workspace/IMG/mess-menu/node_modules/grunt-karma/node_modules/lodash /home/macchli/.npm/9257c19e--grunt-karma-node-modules-lodash.lock
249 silly lockFile a9ca75ef-hli-npm-lodash-2-4-1-package-tgz tar:///home/macchli/.npm/lodash/2.4.1/package.tgz
250 verbose lock tar:///home/macchli/.npm/lodash/2.4.1/package.tgz /home/macchli/.npm/a9ca75ef-hli-npm-lodash-2-4-1-package-tgz.lock
251 silly gunzTarPerm modes [ '755', '644' ]
252 silly gunzTarPerm extractEntry package.json
253 silly gunzTarPerm extractEntry README.md
254 silly gunzTarPerm extractEntry lodash.js
255 silly gunzTarPerm extractEntry LICENSE.txt
256 silly gunzTarPerm extractEntry dist/lodash.compat.js
257 silly gunzTarPerm extractEntry dist/lodash.compat.min.js
258 silly gunzTarPerm extractEntry dist/lodash.js
259 silly gunzTarPerm extractEntry dist/lodash.min.js
260 silly gunzTarPerm extractEntry dist/lodash.underscore.js
261 silly gunzTarPerm extractEntry dist/lodash.underscore.min.js
262 silly lockFile 9257c19e--grunt-karma-node-modules-lodash tar:///home/macchli/Workspace/IMG/mess-menu/node_modules/grunt-karma/node_modules/lodash
263 silly lockFile 9257c19e--grunt-karma-node-modules-lodash tar:///home/macchli/Workspace/IMG/mess-menu/node_modules/grunt-karma/node_modules/lodash
264 silly lockFile a9ca75ef-hli-npm-lodash-2-4-1-package-tgz tar:///home/macchli/.npm/lodash/2.4.1/package.tgz
265 silly lockFile a9ca75ef-hli-npm-lodash-2-4-1-package-tgz tar:///home/macchli/.npm/lodash/2.4.1/package.tgz
266 info preinstall lodash@2.4.1
267 verbose readDependencies using package.json deps
268 verbose readDependencies using package.json deps
269 silly resolved []
270 verbose about to build /home/macchli/Workspace/IMG/mess-menu/node_modules/grunt-karma/node_modules/lodash
271 info build /home/macchli/Workspace/IMG/mess-menu/node_modules/grunt-karma/node_modules/lodash
272 verbose linkStuff [ false,
272 verbose linkStuff   false,
272 verbose linkStuff   false,
272 verbose linkStuff   '/home/macchli/Workspace/IMG/mess-menu/node_modules/grunt-karma/node_modules' ]
273 info linkStuff lodash@2.4.1
274 verbose linkBins lodash@2.4.1
275 verbose linkMans lodash@2.4.1
276 verbose rebuildBundles lodash@2.4.1
277 info install lodash@2.4.1
278 info postinstall lodash@2.4.1
279 verbose about to build /home/macchli/Workspace/IMG/mess-menu/node_modules/grunt-karma
280 info build /home/macchli/Workspace/IMG/mess-menu/node_modules/grunt-karma
281 verbose linkStuff [ false,
281 verbose linkStuff   false,
281 verbose linkStuff   false,
281 verbose linkStuff   '/home/macchli/Workspace/IMG/mess-menu/node_modules' ]
282 info linkStuff grunt-karma@0.8.3
283 verbose linkBins grunt-karma@0.8.3
284 verbose linkMans grunt-karma@0.8.3
285 verbose rebuildBundles grunt-karma@0.8.3
286 verbose rebuildBundles [ 'lodash' ]
287 info install grunt-karma@0.8.3
288 info postinstall grunt-karma@0.8.3
289 verbose readDependencies using package.json deps
290 verbose cache add [ 'grunt@0.4.x', null ]
291 verbose cache add name=undefined spec="grunt@0.4.x" args=["grunt@0.4.x",null]
292 verbose parsed url { protocol: null,
292 verbose parsed url   slashes: null,
292 verbose parsed url   auth: null,
292 verbose parsed url   host: null,
292 verbose parsed url   port: null,
292 verbose parsed url   hostname: null,
292 verbose parsed url   hash: null,
292 verbose parsed url   search: null,
292 verbose parsed url   query: null,
292 verbose parsed url   pathname: 'grunt@0.4.x',
292 verbose parsed url   path: 'grunt@0.4.x',
292 verbose parsed url   href: 'grunt@0.4.x' }
293 verbose cache add name="grunt" spec="0.4.x" args=["grunt","0.4.x"]
294 verbose parsed url { protocol: null,
294 verbose parsed url   slashes: null,
294 verbose parsed url   auth: null,
294 verbose parsed url   host: null,
294 verbose parsed url   port: null,
294 verbose parsed url   hostname: null,
294 verbose parsed url   hash: null,
294 verbose parsed url   search: null,
294 verbose parsed url   query: null,
294 verbose parsed url   pathname: '0.4.x',
294 verbose parsed url   path: '0.4.x',
294 verbose parsed url   href: '0.4.x' }
295 verbose addNamed [ 'grunt', '0.4.x' ]
296 verbose addNamed [ null, '>=0.4.0-0 <0.5.0-0' ]
297 silly lockFile 6aebe2f8-grunt-0-4-x grunt@0.4.x
298 verbose lock grunt@0.4.x /home/macchli/.npm/6aebe2f8-grunt-0-4-x.lock
299 verbose cache add [ 'karma@~0.12.0', null ]
300 verbose cache add name=undefined spec="karma@~0.12.0" args=["karma@~0.12.0",null]
301 verbose parsed url { protocol: null,
301 verbose parsed url   slashes: null,
301 verbose parsed url   auth: null,
301 verbose parsed url   host: null,
301 verbose parsed url   port: null,
301 verbose parsed url   hostname: null,
301 verbose parsed url   hash: null,
301 verbose parsed url   search: null,
301 verbose parsed url   query: null,
301 verbose parsed url   pathname: 'karma@~0.12.0',
301 verbose parsed url   path: 'karma@~0.12.0',
301 verbose parsed url   href: 'karma@~0.12.0' }
302 verbose cache add name="karma" spec="~0.12.0" args=["karma","~0.12.0"]
303 verbose parsed url { protocol: null,
303 verbose parsed url   slashes: null,
303 verbose parsed url   auth: null,
303 verbose parsed url   host: null,
303 verbose parsed url   port: null,
303 verbose parsed url   hostname: null,
303 verbose parsed url   hash: null,
303 verbose parsed url   search: null,
303 verbose parsed url   query: null,
303 verbose parsed url   pathname: '~0.12.0',
303 verbose parsed url   path: '~0.12.0',
303 verbose parsed url   href: '~0.12.0' }
304 verbose addNamed [ 'karma', '~0.12.0' ]
305 verbose addNamed [ null, '>=0.12.0-0 <0.13.0-0' ]
306 silly lockFile 9f4f2022-karma-0-12-0 karma@~0.12.0
307 verbose lock karma@~0.12.0 /home/macchli/.npm/9f4f2022-karma-0-12-0.lock
308 silly addNameRange { name: 'grunt', range: '>=0.4.0-0 <0.5.0-0', hasData: false }
309 silly addNameRange { name: 'karma', range: '>=0.12.0-0 <0.13.0-0', hasData: false }
310 verbose url raw grunt
311 verbose url resolving [ 'https://registry.npmjs.org/', './grunt' ]
312 verbose url resolved https://registry.npmjs.org/grunt
313 info trying registry request attempt 1 at 23:53:29
314 verbose etag "6V4UMVPUSI2F0AO3NWIUFEQ55"
315 http GET https://registry.npmjs.org/grunt
316 verbose url raw karma
317 verbose url resolving [ 'https://registry.npmjs.org/', './karma' ]
318 verbose url resolved https://registry.npmjs.org/karma
319 info trying registry request attempt 1 at 23:53:29
320 verbose etag "3Z1HKW4752WR528IBO7MSCEZR"
321 http GET https://registry.npmjs.org/karma
322 http 200 https://registry.npmjs.org/phantomjs
323 silly registry.get cb [ 200,
323 silly registry.get   { date: 'Wed, 13 Aug 2014 18:23:51 GMT',
323 silly registry.get     server: 'CouchDB/1.5.0 (Erlang OTP/R16B03)',
323 silly registry.get     etag: '"BCBN9E2DB7B2JQIYAN4JDYW5R"',
323 silly registry.get     'content-type': 'application/json',
323 silly registry.get     'cache-control': 'max-age=60',
323 silly registry.get     'content-length': '80683',
323 silly registry.get     'accept-ranges': 'bytes',
323 silly registry.get     via: '1.1 varnish',
323 silly registry.get     age: '2586',
323 silly registry.get     'x-served-by': 'cache-lax1426-LAX',
323 silly registry.get     'x-cache': 'HIT',
323 silly registry.get     'x-cache-hits': '1',
323 silly registry.get     'x-timer': 'S1407954231.956269,VS0,VE0',
323 silly registry.get     vary: 'Accept',
323 silly registry.get     'keep-alive': 'timeout=10, max=50',
323 silly registry.get     connection: 'Keep-Alive' } ]
324 silly addNameRange number 2 { name: 'phantomjs',
324 silly addNameRange   range: '>=1.9.0-0 <1.10.0-0',
324 silly addNameRange   hasData: true }
325 silly addNameRange versions [ 'phantomjs',
325 silly addNameRange   [ '0.0.1',
325 silly addNameRange     '0.0.2',
325 silly addNameRange     '0.0.3',
325 silly addNameRange     '0.0.4',
325 silly addNameRange     '0.0.5',
325 silly addNameRange     '0.0.6',
325 silly addNameRange     '0.0.7',
325 silly addNameRange     '0.0.8',
325 silly addNameRange     '0.0.9',
325 silly addNameRange     '0.1.0',
325 silly addNameRange     '0.1.1',
325 silly addNameRange     '0.2.0',
325 silly addNameRange     '0.2.1',
325 silly addNameRange     '0.2.2',
325 silly addNameRange     '0.2.3',
325 silly addNameRange     '0.2.4',
325 silly addNameRange     '0.2.5',
325 silly addNameRange     '0.2.6',
325 silly addNameRange     '1.8.0-1',
325 silly addNameRange     '1.8.1-1',
325 silly addNameRange     '1.8.1-2',
325 silly addNameRange     '1.8.1-3',
325 silly addNameRange     '1.8.2-0',
325 silly addNameRange     '1.8.2-1',
325 silly addNameRange     '1.8.2-2',
325 silly addNameRange     '1.9.0-0',
325 silly addNameRange     '1.9.0-1',
325 silly addNameRange     '1.9.0-2',
325 silly addNameRange     '1.9.0-3',
325 silly addNameRange     '1.9.0-4',
325 silly addNameRange     '1.9.0-5',
325 silly addNameRange     '1.9.0-6',
325 silly addNameRange     '1.9.1-0',
325 silly addNameRange     '1.9.1-2',
325 silly addNameRange     '1.9.1-3',
325 silly addNameRange     '1.9.1-4',
325 silly addNameRange     '1.9.1-5',
325 silly addNameRange     '1.9.1-6',
325 silly addNameRange     '1.9.1-7',
325 silly addNameRange     '1.9.1-8',
325 silly addNameRange     '1.9.1-9',
325 silly addNameRange     '1.9.2-0',
325 silly addNameRange     '1.9.2-1',
325 silly addNameRange     '1.9.2-2',
325 silly addNameRange     '1.9.2-3',
325 silly addNameRange     '1.9.2-4',
325 silly addNameRange     '1.9.2-5',
325 silly addNameRange     '1.9.2-6',
325 silly addNameRange     '1.9.6-0',
325 silly addNameRange     '1.9.7-1',
325 silly addNameRange     '1.9.7-3',
325 silly addNameRange     '1.9.7-4',
325 silly addNameRange     '1.9.7-5',
325 silly addNameRange     '1.9.7-6',
325 silly addNameRange     '1.9.7-7',
325 silly addNameRange     '1.9.7-8',
325 silly addNameRange     '1.9.7-9',
325 silly addNameRange     '1.9.7-10',
325 silly addNameRange     '1.9.7-11',
325 silly addNameRange     '1.9.7-12',
325 silly addNameRange     '1.9.7-13',
325 silly addNameRange     '1.9.7-14',
325 silly addNameRange     '1.9.7-15' ] ]
326 verbose addNamed [ 'phantomjs', '1.9.7-15' ]
327 verbose addNamed [ '1.9.7-15', '1.9.7-15' ]
328 silly lockFile da9b7bdb-phantomjs-1-9-7-15 phantomjs@1.9.7-15
329 verbose lock phantomjs@1.9.7-15 /home/macchli/.npm/da9b7bdb-phantomjs-1-9-7-15.lock
330 silly lockFile da9b7bdb-phantomjs-1-9-7-15 phantomjs@1.9.7-15
331 silly lockFile da9b7bdb-phantomjs-1-9-7-15 phantomjs@1.9.7-15
332 silly lockFile 472de541-phantomjs-1-9 phantomjs@~1.9
333 silly lockFile 472de541-phantomjs-1-9 phantomjs@~1.9
334 silly resolved [ { name: 'phantomjs',
334 silly resolved     version: '1.9.7-15',
334 silly resolved     keywords: [ 'phantomjs', 'headless', 'webkit' ],
334 silly resolved     description: 'Headless WebKit with JS API',
334 silly resolved     homepage: 'https://github.com/Obvious/phantomjs',
334 silly resolved     repository: { type: 'git', url: 'git://github.com/Obvious/phantomjs.git' },
334 silly resolved     licenses: [ [Object] ],
334 silly resolved     author:
334 silly resolved      { name: 'Dan Pupius',
334 silly resolved        email: 'dan@obvious.com',
334 silly resolved        url: 'http://pupius.co.uk' },
334 silly resolved     maintainers: [ [Object] ],
334 silly resolved     main: 'lib/phantomjs',
334 silly resolved     bin: { phantomjs: './bin/phantomjs' },
334 silly resolved     scripts:
334 silly resolved      { install: 'node install.js',
334 silly resolved        test: 'nodeunit --reporter=minimal test/tests.js' },
334 silly resolved     dependencies:
334 silly resolved      { 'adm-zip': '0.2.1',
334 silly resolved        kew: '~0.1.7',
334 silly resolved        ncp: '0.4.2',
334 silly resolved        npmconf: '0.0.24',
334 silly resolved        mkdirp: '0.3.5',
334 silly resolved        progress: '^1.1.5',
334 silly resolved        request: '2.36.0',
334 silly resolved        'request-progress': '^0.3.1',
334 silly resolved        rimraf: '~2.2.2',
334 silly resolved        which: '~1.0.5' },
334 silly resolved     devDependencies: { nodeunit: '~0.7.4' },
334 silly resolved     readme: 'phantomjs\n=========\n\nAn NPM wrapper for [PhantomJS](http://phantomjs.org/), headless webkit with JS API.\n\nBuilding and Installing\n-----------------------\n\n```shell\nnpm install phantomjs\n```\n\nOr grab the source and\n\n```shell\nnode ./install.js\n```\n\nTo use a mirror of the phantomjs binaries, set `$PHANTOMJS_CDNURL`,\ndefault is `https://bitbucket.org/ariya/phantomjs/downloads`\n\n```shell\nPHANTOMJS_CDNURL=http://cnpmjs.org/downloads npm install phantomjs\n```\n\nWhat this installer is really doing is just grabbing a particular "blessed" (by\nthis module) version of Phantom. As new versions of Phantom are released\nand vetted, this module will be updated accordingly.\n\nThe package has been set up to fetch and run Phantom for MacOS (darwin),\nLinux based platforms (as identified by nodejs), and -- as of version 0.2.0 --\nWindows (thanks to [Domenic Denicola](https://github.com/domenic)).  If you\nspot any platform weirdnesses, let us know or send a patch.\n\nRunning\n-------\n\n```shell\nbin/phantomjs [phantom arguments]\n```\n\nAnd npm will install a link to the binary in `node_modules/.bin` as\nit is wont to do.\n\nRunning via node\n----------------\n\nThe package exports a `path` string that contains the path to the\nphantomjs binary/executable.\n\nBelow is an example of using this package via node.\n\n```javascript\nvar path = require(\'path\')\nvar childProcess = require(\'child_process\')\nvar phantomjs = require(\'phantomjs\')\nvar binPath = phantomjs.path\n\nvar childArgs = [\n  path.join(__dirname, \'phantomjs-script.js\'),\n  \'some other argument (passed to phantomjs script)\'\n]\n\nchildProcess.execFile(binPath, childArgs, function(err, stdout, stderr) {\n  // handle results\n})\n\n```\n\nVersioning\n----------\n\nThe NPM package version tracks the version of PhantomJS that will be installed,\nwith an additional build number that is used for revisions to the installer.\n\nAs such `1.8.0-1` and `1.8.0-2` will both install PhantomJs 1.8 but the latter\nhas newer changes to the installer.\n\nA Note on PhantomJS\n-------------------\n\nPhantomJS is not a library for NodeJS.  It\'s a separate environment and code\nwritten for node is unlikely to be compatible.  In particular PhantomJS does\nnot expose a Common JS package loader.\n\nThis is an _NPM wrapper_ and can be used to conveniently make Phantom available\nIt is not a Node JS wrapper.\n\nI have had reasonable experiences writing standalone Phantom scripts which I\nthen drive from within a node program by spawning phantom in a child process.\n\nRead the PhantomJS FAQ for more details: http://phantomjs.org/faq.html\n\n### Linux Note\n\nAn extra note on Linux usage, from the PhantomJS download page:\n\n > This package is built on CentOS 5.8. It should run successfully on Lucid or\n > more modern systems (including other distributions). There is no requirement\n > to install Qt, WebKit, or any other libraries. It is however expected that\n > some base libraries necessary for rendering (FreeType, Fontconfig) and the\n > basic font files are available in the system.\n\nTroubleshooting\n---------------\n\n##### Installation fails with `Error: read ECONNRESET` or `Error: connect ETIMEDOUT`\n\nThis error means that something went wront with your internet connection, and the installer\nwas not able to download the PhantomJS binary for your platform. Please try again.\n\n##### I tried again, but I get `ECONNRESET` or `ETIMEDOUT` consistently.\n\nDo you live in China, or a country with an authoritarian government? We\'ve seen problems where\nthe GFW or local ISP blocks bitbucket, preventing the installer from downloading the binary.\n\nTry visiting the [the download page](http://cdn.bitbucket.org/ariya/phantomjs/downloads) manually.\nIf that page is blocked, you can try using a different CDN with the `PHANTOMJS_CDNURL`\nenv variable described above.\n\n##### I am behind a corporate proxy that uses self-signed SSL certificates to intercept encrypted traffic.\n\nYou can tell NPM and the PhantomJS installer to skip validation of ssl keys with NPM\'s \n[strict-ssl](https://www.npmjs.org/doc/misc/npm-config.html#strict-ssl) setting:\n\n```\nnpm set strict-ssl false\n```\n\nWARNING: Turning off `strict-ssl` leaves you vulnerable to attackers reading\nyour encrypted traffic, so run this at your own risk!\n\n##### I tried everything, but my network is b0rked. What do I do?\n\nIf you install PhantomJS manually, and put it on PATH, the installer will try to\nuse the manually-installed binaries.\n\n##### I\'m on Debian or Ubuntu, and the installer failed because it couldn\'t find `node`\n\nSome Linux distros tried to rename `node` to `nodejs` due to a package\nconflict. This is a non-portable change, and we do not try to support this. The\n[official documentation](https://github.com/joyent/node/wiki/Installing-Node.js-via-package-manager#ubuntu-mint-elementary-os)\nrecommends that you symlink `node` to `nodejs` on those platforms, or many\nNodeJS programs won\'t work properly.\n\nContributing\n------------\n\nQuestions, comments, bug reports, and pull requests are all welcome.  Submit them at\n[the project on GitHub](https://github.com/Obvious/phantomjs/).  If you haven\'t contributed to an\n[Obvious](http://github.com/Obvious/) project before please head over to the\n[Open Source Project](https://github.com/Obvious/open-source#note-to-external-contributors) and fill\nout an OCLA (it should be pretty painless).\n\nBug reports that include steps-to-reproduce (including code) are the\nbest. Even better, make them in the form of pull requests.\n\nAuthor\n------\n\n[Dan Pupius](https://github.com/dpup)\n([personal website](http://pupius.co.uk)), supported by\n[The Obvious Corporation](http://obvious.com/).\n\nLicense\n-------\n\nCopyright 2012 [The Obvious Corporation](http://obvious.com/).\n\nLicensed under the Apache License, Version 2.0.\nSee the top-level file `LICENSE.txt` and\n(http://www.apache.org/licenses/LICENSE-2.0).\n',
334 silly resolved     readmeFilename: 'README.md',
334 silly resolved     bugs: { url: 'https://github.com/Obvious/phantomjs/issues' },
334 silly resolved     _id: 'phantomjs@1.9.7-15',
334 silly resolved     _from: 'phantomjs@~1.9' } ]
335 info install phantomjs@1.9.7-15 into /home/macchli/Workspace/IMG/mess-menu/node_modules/karma-phantomjs-launcher
336 info installOne phantomjs@1.9.7-15
337 info /home/macchli/Workspace/IMG/mess-menu/node_modules/karma-phantomjs-launcher/node_modules/phantomjs unbuild
338 verbose tar unpack /home/macchli/.npm/phantomjs/1.9.7-15/package.tgz
339 silly lockFile 90ecc09c--launcher-node-modules-phantomjs tar:///home/macchli/Workspace/IMG/mess-menu/node_modules/karma-phantomjs-launcher/node_modules/phantomjs
340 verbose lock tar:///home/macchli/Workspace/IMG/mess-menu/node_modules/karma-phantomjs-launcher/node_modules/phantomjs /home/macchli/.npm/90ecc09c--launcher-node-modules-phantomjs.lock
341 silly lockFile 408d511e-m-phantomjs-1-9-7-15-package-tgz tar:///home/macchli/.npm/phantomjs/1.9.7-15/package.tgz
342 verbose lock tar:///home/macchli/.npm/phantomjs/1.9.7-15/package.tgz /home/macchli/.npm/408d511e-m-phantomjs-1-9-7-15-package-tgz.lock
343 silly gunzTarPerm modes [ '755', '644' ]
344 silly gunzTarPerm extractEntry package.json
345 silly gunzTarPerm extractEntry .npmignore
346 silly gunzTarPerm extractEntry README.md
347 silly gunzTarPerm extractEntry install.js
348 silly gunzTarPerm extractEntry .jshintrc
349 silly gunzTarPerm extractEntry .travis.yml
350 silly gunzTarPerm extractEntry LICENSE.txt
351 silly gunzTarPerm extractEntry bin/phantomjs
352 silly gunzTarPerm extractEntry lib/phantomjs.js
353 silly gunzTarPerm extractEntry test/exit.js
354 silly gunzTarPerm extractEntry test/loadspeed.js
355 silly gunzTarPerm extractEntry test/tests.js
356 silly lockFile 90ecc09c--launcher-node-modules-phantomjs tar:///home/macchli/Workspace/IMG/mess-menu/node_modules/karma-phantomjs-launcher/node_modules/phantomjs
357 silly lockFile 90ecc09c--launcher-node-modules-phantomjs tar:///home/macchli/Workspace/IMG/mess-menu/node_modules/karma-phantomjs-launcher/node_modules/phantomjs
358 silly lockFile 408d511e-m-phantomjs-1-9-7-15-package-tgz tar:///home/macchli/.npm/phantomjs/1.9.7-15/package.tgz
359 silly lockFile 408d511e-m-phantomjs-1-9-7-15-package-tgz tar:///home/macchli/.npm/phantomjs/1.9.7-15/package.tgz
360 info preinstall phantomjs@1.9.7-15
361 verbose readDependencies using package.json deps
362 verbose readDependencies using package.json deps
363 verbose cache add [ 'adm-zip@0.2.1', null ]
364 verbose cache add name=undefined spec="adm-zip@0.2.1" args=["adm-zip@0.2.1",null]
365 verbose parsed url { protocol: null,
365 verbose parsed url   slashes: null,
365 verbose parsed url   auth: null,
365 verbose parsed url   host: null,
365 verbose parsed url   port: null,
365 verbose parsed url   hostname: null,
365 verbose parsed url   hash: null,
365 verbose parsed url   search: null,
365 verbose parsed url   query: null,
365 verbose parsed url   pathname: 'adm-zip@0.2.1',
365 verbose parsed url   path: 'adm-zip@0.2.1',
365 verbose parsed url   href: 'adm-zip@0.2.1' }
366 verbose cache add name="adm-zip" spec="0.2.1" args=["adm-zip","0.2.1"]
367 verbose parsed url { protocol: null,
367 verbose parsed url   slashes: null,
367 verbose parsed url   auth: null,
367 verbose parsed url   host: null,
367 verbose parsed url   port: null,
367 verbose parsed url   hostname: null,
367 verbose parsed url   hash: null,
367 verbose parsed url   search: null,
367 verbose parsed url   query: null,
367 verbose parsed url   pathname: '0.2.1',
367 verbose parsed url   path: '0.2.1',
367 verbose parsed url   href: '0.2.1' }
368 verbose addNamed [ 'adm-zip', '0.2.1' ]
369 verbose addNamed [ '0.2.1', '0.2.1' ]
370 silly lockFile 56d2b9bc-adm-zip-0-2-1 adm-zip@0.2.1
371 verbose lock adm-zip@0.2.1 /home/macchli/.npm/56d2b9bc-adm-zip-0-2-1.lock
372 verbose cache add [ 'kew@~0.1.7', null ]
373 verbose cache add name=undefined spec="kew@~0.1.7" args=["kew@~0.1.7",null]
374 verbose parsed url { protocol: null,
374 verbose parsed url   slashes: null,
374 verbose parsed url   auth: null,
374 verbose parsed url   host: null,
374 verbose parsed url   port: null,
374 verbose parsed url   hostname: null,
374 verbose parsed url   hash: null,
374 verbose parsed url   search: null,
374 verbose parsed url   query: null,
374 verbose parsed url   pathname: 'kew@~0.1.7',
374 verbose parsed url   path: 'kew@~0.1.7',
374 verbose parsed url   href: 'kew@~0.1.7' }
375 verbose cache add name="kew" spec="~0.1.7" args=["kew","~0.1.7"]
376 verbose parsed url { protocol: null,
376 verbose parsed url   slashes: null,
376 verbose parsed url   auth: null,
376 verbose parsed url   host: null,
376 verbose parsed url   port: null,
376 verbose parsed url   hostname: null,
376 verbose parsed url   hash: null,
376 verbose parsed url   search: null,
376 verbose parsed url   query: null,
376 verbose parsed url   pathname: '~0.1.7',
376 verbose parsed url   path: '~0.1.7',
376 verbose parsed url   href: '~0.1.7' }
377 verbose addNamed [ 'kew', '~0.1.7' ]
378 verbose addNamed [ null, '>=0.1.7-0 <0.2.0-0' ]
379 silly lockFile fbc33e87-kew-0-1-7 kew@~0.1.7
380 verbose lock kew@~0.1.7 /home/macchli/.npm/fbc33e87-kew-0-1-7.lock
381 verbose cache add [ 'npmconf@0.0.24', null ]
382 verbose cache add name=undefined spec="npmconf@0.0.24" args=["npmconf@0.0.24",null]
383 verbose parsed url { protocol: null,
383 verbose parsed url   slashes: null,
383 verbose parsed url   auth: null,
383 verbose parsed url   host: null,
383 verbose parsed url   port: null,
383 verbose parsed url   hostname: null,
383 verbose parsed url   hash: null,
383 verbose parsed url   search: null,
383 verbose parsed url   query: null,
383 verbose parsed url   pathname: 'npmconf@0.0.24',
383 verbose parsed url   path: 'npmconf@0.0.24',
383 verbose parsed url   href: 'npmconf@0.0.24' }
384 verbose cache add name="npmconf" spec="0.0.24" args=["npmconf","0.0.24"]
385 verbose parsed url { protocol: null,
385 verbose parsed url   slashes: null,
385 verbose parsed url   auth: null,
385 verbose parsed url   host: null,
385 verbose parsed url   port: null,
385 verbose parsed url   hostname: null,
385 verbose parsed url   hash: null,
385 verbose parsed url   search: null,
385 verbose parsed url   query: null,
385 verbose parsed url   pathname: '0.0.24',
385 verbose parsed url   path: '0.0.24',
385 verbose parsed url   href: '0.0.24' }
386 verbose addNamed [ 'npmconf', '0.0.24' ]
387 verbose addNamed [ '0.0.24', '0.0.24' ]
388 silly lockFile af02651e-npmconf-0-0-24 npmconf@0.0.24
389 verbose lock npmconf@0.0.24 /home/macchli/.npm/af02651e-npmconf-0-0-24.lock
390 verbose cache add [ 'ncp@0.4.2', null ]
391 verbose cache add name=undefined spec="ncp@0.4.2" args=["ncp@0.4.2",null]
392 verbose parsed url { protocol: null,
392 verbose parsed url   slashes: null,
392 verbose parsed url   auth: null,
392 verbose parsed url   host: null,
392 verbose parsed url   port: null,
392 verbose parsed url   hostname: null,
392 verbose parsed url   hash: null,
392 verbose parsed url   search: null,
392 verbose parsed url   query: null,
392 verbose parsed url   pathname: 'ncp@0.4.2',
392 verbose parsed url   path: 'ncp@0.4.2',
392 verbose parsed url   href: 'ncp@0.4.2' }
393 verbose cache add name="ncp" spec="0.4.2" args=["ncp","0.4.2"]
394 verbose parsed url { protocol: null,
394 verbose parsed url   slashes: null,
394 verbose parsed url   auth: null,
394 verbose parsed url   host: null,
394 verbose parsed url   port: null,
394 verbose parsed url   hostname: null,
394 verbose parsed url   hash: null,
394 verbose parsed url   search: null,
394 verbose parsed url   query: null,
394 verbose parsed url   pathname: '0.4.2',
394 verbose parsed url   path: '0.4.2',
394 verbose parsed url   href: '0.4.2' }
395 verbose addNamed [ 'ncp', '0.4.2' ]
396 verbose addNamed [ '0.4.2', '0.4.2' ]
397 silly lockFile e43cb36a-ncp-0-4-2 ncp@0.4.2
398 verbose lock ncp@0.4.2 /home/macchli/.npm/e43cb36a-ncp-0-4-2.lock
399 verbose cache add [ 'mkdirp@0.3.5', null ]
400 verbose cache add name=undefined spec="mkdirp@0.3.5" args=["mkdirp@0.3.5",null]
401 verbose parsed url { protocol: null,
401 verbose parsed url   slashes: null,
401 verbose parsed url   auth: null,
401 verbose parsed url   host: null,
401 verbose parsed url   port: null,
401 verbose parsed url   hostname: null,
401 verbose parsed url   hash: null,
401 verbose parsed url   search: null,
401 verbose parsed url   query: null,
401 verbose parsed url   pathname: 'mkdirp@0.3.5',
401 verbose parsed url   path: 'mkdirp@0.3.5',
401 verbose parsed url   href: 'mkdirp@0.3.5' }
402 verbose cache add name="mkdirp" spec="0.3.5" args=["mkdirp","0.3.5"]
403 verbose parsed url { protocol: null,
403 verbose parsed url   slashes: null,
403 verbose parsed url   auth: null,
403 verbose parsed url   host: null,
403 verbose parsed url   port: null,
403 verbose parsed url   hostname: null,
403 verbose parsed url   hash: null,
403 verbose parsed url   search: null,
403 verbose parsed url   query: null,
403 verbose parsed url   pathname: '0.3.5',
403 verbose parsed url   path: '0.3.5',
403 verbose parsed url   href: '0.3.5' }
404 verbose addNamed [ 'mkdirp', '0.3.5' ]
405 verbose addNamed [ '0.3.5', '0.3.5' ]
406 silly lockFile 67d2df2a-mkdirp-0-3-5 mkdirp@0.3.5
407 verbose lock mkdirp@0.3.5 /home/macchli/.npm/67d2df2a-mkdirp-0-3-5.lock
408 verbose cache add [ 'progress@^1.1.5', null ]
409 verbose cache add name=undefined spec="progress@^1.1.5" args=["progress@^1.1.5",null]
410 verbose parsed url { protocol: null,
410 verbose parsed url   slashes: null,
410 verbose parsed url   auth: null,
410 verbose parsed url   host: null,
410 verbose parsed url   port: null,
410 verbose parsed url   hostname: null,
410 verbose parsed url   hash: null,
410 verbose parsed url   search: null,
410 verbose parsed url   query: null,
410 verbose parsed url   pathname: 'progress@^1.1.5',
410 verbose parsed url   path: 'progress@^1.1.5',
410 verbose parsed url   href: 'progress@^1.1.5' }
411 verbose cache add name="progress" spec="^1.1.5" args=["progress","^1.1.5"]
412 verbose parsed url { protocol: null,
412 verbose parsed url   slashes: null,
412 verbose parsed url   auth: null,
412 verbose parsed url   host: null,
412 verbose parsed url   port: null,
412 verbose parsed url   hostname: null,
412 verbose parsed url   hash: null,
412 verbose parsed url   search: null,
412 verbose parsed url   query: null,
412 verbose parsed url   pathname: '^1.1.5',
412 verbose parsed url   path: '^1.1.5',
412 verbose parsed url   href: '^1.1.5' }
413 verbose addNamed [ 'progress', '^1.1.5' ]
414 verbose addNamed [ null, '>=1.1.5-0 <2.0.0-0' ]
415 silly lockFile 1621e448-progress-1-1-5 progress@^1.1.5
416 verbose lock progress@^1.1.5 /home/macchli/.npm/1621e448-progress-1-1-5.lock
417 verbose cache add [ 'request@2.36.0', null ]
418 verbose cache add name=undefined spec="request@2.36.0" args=["request@2.36.0",null]
419 verbose parsed url { protocol: null,
419 verbose parsed url   slashes: null,
419 verbose parsed url   auth: null,
419 verbose parsed url   host: null,
419 verbose parsed url   port: null,
419 verbose parsed url   hostname: null,
419 verbose parsed url   hash: null,
419 verbose parsed url   search: null,
419 verbose parsed url   query: null,
419 verbose parsed url   pathname: 'request@2.36.0',
419 verbose parsed url   path: 'request@2.36.0',
419 verbose parsed url   href: 'request@2.36.0' }
420 verbose cache add name="request" spec="2.36.0" args=["request","2.36.0"]
421 verbose parsed url { protocol: null,
421 verbose parsed url   slashes: null,
421 verbose parsed url   auth: null,
421 verbose parsed url   host: null,
421 verbose parsed url   port: null,
421 verbose parsed url   hostname: null,
421 verbose parsed url   hash: null,
421 verbose parsed url   search: null,
421 verbose parsed url   query: null,
421 verbose parsed url   pathname: '2.36.0',
421 verbose parsed url   path: '2.36.0',
421 verbose parsed url   href: '2.36.0' }
422 verbose addNamed [ 'request', '2.36.0' ]
423 verbose addNamed [ '2.36.0', '2.36.0' ]
424 silly lockFile 56e6d156-request-2-36-0 request@2.36.0
425 verbose lock request@2.36.0 /home/macchli/.npm/56e6d156-request-2-36-0.lock
426 verbose cache add [ 'request-progress@^0.3.1', null ]
427 verbose cache add name=undefined spec="request-progress@^0.3.1" args=["request-progress@^0.3.1",null]
428 verbose parsed url { protocol: null,
428 verbose parsed url   slashes: null,
428 verbose parsed url   auth: null,
428 verbose parsed url   host: null,
428 verbose parsed url   port: null,
428 verbose parsed url   hostname: null,
428 verbose parsed url   hash: null,
428 verbose parsed url   search: null,
428 verbose parsed url   query: null,
428 verbose parsed url   pathname: 'request-progress@^0.3.1',
428 verbose parsed url   path: 'request-progress@^0.3.1',
428 verbose parsed url   href: 'request-progress@^0.3.1' }
429 verbose cache add name="request-progress" spec="^0.3.1" args=["request-progress","^0.3.1"]
430 verbose parsed url { protocol: null,
430 verbose parsed url   slashes: null,
430 verbose parsed url   auth: null,
430 verbose parsed url   host: null,
430 verbose parsed url   port: null,
430 verbose parsed url   hostname: null,
430 verbose parsed url   hash: null,
430 verbose parsed url   search: null,
430 verbose parsed url   query: null,
430 verbose parsed url   pathname: '^0.3.1',
430 verbose parsed url   path: '^0.3.1',
430 verbose parsed url   href: '^0.3.1' }
431 verbose addNamed [ 'request-progress', '^0.3.1' ]
432 verbose addNamed [ null, '>=0.3.1-0 <0.4.0-0' ]
433 silly lockFile f4030858-request-progress-0-3-1 request-progress@^0.3.1
434 verbose lock request-progress@^0.3.1 /home/macchli/.npm/f4030858-request-progress-0-3-1.lock
435 verbose cache add [ 'rimraf@~2.2.2', null ]
436 verbose cache add name=undefined spec="rimraf@~2.2.2" args=["rimraf@~2.2.2",null]
437 verbose parsed url { protocol: null,
437 verbose parsed url   slashes: null,
437 verbose parsed url   auth: null,
437 verbose parsed url   host: null,
437 verbose parsed url   port: null,
437 verbose parsed url   hostname: null,
437 verbose parsed url   hash: null,
437 verbose parsed url   search: null,
437 verbose parsed url   query: null,
437 verbose parsed url   pathname: 'rimraf@~2.2.2',
437 verbose parsed url   path: 'rimraf@~2.2.2',
437 verbose parsed url   href: 'rimraf@~2.2.2' }
438 verbose cache add name="rimraf" spec="~2.2.2" args=["rimraf","~2.2.2"]
439 verbose parsed url { protocol: null,
439 verbose parsed url   slashes: null,
439 verbose parsed url   auth: null,
439 verbose parsed url   host: null,
439 verbose parsed url   port: null,
439 verbose parsed url   hostname: null,
439 verbose parsed url   hash: null,
439 verbose parsed url   search: null,
439 verbose parsed url   query: null,
439 verbose parsed url   pathname: '~2.2.2',
439 verbose parsed url   path: '~2.2.2',
439 verbose parsed url   href: '~2.2.2' }
440 verbose addNamed [ 'rimraf', '~2.2.2' ]
441 verbose addNamed [ null, '>=2.2.2-0 <2.3.0-0' ]
442 silly lockFile 6c46433c-rimraf-2-2-2 rimraf@~2.2.2
443 verbose lock rimraf@~2.2.2 /home/macchli/.npm/6c46433c-rimraf-2-2-2.lock
444 verbose cache add [ 'which@~1.0.5', null ]
445 verbose cache add name=undefined spec="which@~1.0.5" args=["which@~1.0.5",null]
446 verbose parsed url { protocol: null,
446 verbose parsed url   slashes: null,
446 verbose parsed url   auth: null,
446 verbose parsed url   host: null,
446 verbose parsed url   port: null,
446 verbose parsed url   hostname: null,
446 verbose parsed url   hash: null,
446 verbose parsed url   search: null,
446 verbose parsed url   query: null,
446 verbose parsed url   pathname: 'which@~1.0.5',
446 verbose parsed url   path: 'which@~1.0.5',
446 verbose parsed url   href: 'which@~1.0.5' }
447 verbose cache add name="which" spec="~1.0.5" args=["which","~1.0.5"]
448 verbose parsed url { protocol: null,
448 verbose parsed url   slashes: null,
448 verbose parsed url   auth: null,
448 verbose parsed url   host: null,
448 verbose parsed url   port: null,
448 verbose parsed url   hostname: null,
448 verbose parsed url   hash: null,
448 verbose parsed url   search: null,
448 verbose parsed url   query: null,
448 verbose parsed url   pathname: '~1.0.5',
448 verbose parsed url   path: '~1.0.5',
448 verbose parsed url   href: '~1.0.5' }
449 verbose addNamed [ 'which', '~1.0.5' ]
450 verbose addNamed [ null, '>=1.0.5-0 <1.1.0-0' ]
451 silly lockFile d158d65e-which-1-0-5 which@~1.0.5
452 verbose lock which@~1.0.5 /home/macchli/.npm/d158d65e-which-1-0-5.lock
453 silly addNameRange { name: 'kew', range: '>=0.1.7-0 <0.2.0-0', hasData: false }
454 silly addNameRange { name: 'progress', range: '>=1.1.5-0 <2.0.0-0', hasData: false }
455 silly addNameRange { name: 'request-progress',
455 silly addNameRange   range: '>=0.3.1-0 <0.4.0-0',
455 silly addNameRange   hasData: false }
456 silly addNameRange { name: 'rimraf', range: '>=2.2.2-0 <2.3.0-0', hasData: false }
457 silly addNameRange { name: 'which', range: '>=1.0.5-0 <1.1.0-0', hasData: false }
458 verbose url raw mkdirp/0.3.5
459 verbose url resolving [ 'https://registry.npmjs.org/', './mkdirp/0.3.5' ]
460 verbose url resolved https://registry.npmjs.org/mkdirp/0.3.5
461 info trying registry request attempt 1 at 23:53:32
462 verbose etag "7BSRHMQP370WL3NICA1FTBF1U"
463 http GET https://registry.npmjs.org/mkdirp/0.3.5
464 verbose url raw request-progress
465 verbose url resolving [ 'https://registry.npmjs.org/', './request-progress' ]
466 verbose url resolved https://registry.npmjs.org/request-progress
467 info trying registry request attempt 1 at 23:53:32
468 verbose etag "B88PH1RS5POG6U7T8DJ4EQGHH"
469 http GET https://registry.npmjs.org/request-progress
470 verbose url raw rimraf
471 verbose url resolving [ 'https://registry.npmjs.org/', './rimraf' ]
472 verbose url resolved https://registry.npmjs.org/rimraf
473 info trying registry request attempt 1 at 23:53:32
474 verbose etag "EHAQTVXOBJCQKE3YC66ET358S"
475 http GET https://registry.npmjs.org/rimraf
476 verbose url raw which
477 verbose url resolving [ 'https://registry.npmjs.org/', './which' ]
478 verbose url resolved https://registry.npmjs.org/which
479 info trying registry request attempt 1 at 23:53:32
480 verbose etag "C5OZGLPWJXOUCFFVEHEOJPH1W"
481 http GET https://registry.npmjs.org/which
482 verbose url raw ncp/0.4.2
483 verbose url resolving [ 'https://registry.npmjs.org/', './ncp/0.4.2' ]
484 verbose url resolved https://registry.npmjs.org/ncp/0.4.2
485 info trying registry request attempt 1 at 23:53:32
486 verbose etag "C7464TO8R5VVXQRAK18ZO3CPL"
487 http GET https://registry.npmjs.org/ncp/0.4.2
488 verbose url raw npmconf/0.0.24
489 verbose url resolving [ 'https://registry.npmjs.org/', './npmconf/0.0.24' ]
490 verbose url resolved https://registry.npmjs.org/npmconf/0.0.24
491 info trying registry request attempt 1 at 23:53:32
492 verbose etag "57JF7BSK8ZR6OC9K24ZUNN1IE"
493 http GET https://registry.npmjs.org/npmconf/0.0.24
494 verbose url raw progress
495 verbose url resolving [ 'https://registry.npmjs.org/', './progress' ]
496 verbose url resolved https://registry.npmjs.org/progress
497 info trying registry request attempt 1 at 23:53:32
498 verbose etag "13MYQIIE3CGNQFXUW06SXWAYS"
499 http GET https://registry.npmjs.org/progress
500 verbose url raw request/2.36.0
501 verbose url resolving [ 'https://registry.npmjs.org/', './request/2.36.0' ]
502 verbose url resolved https://registry.npmjs.org/request/2.36.0
503 info trying registry request attempt 1 at 23:53:32
504 verbose etag "8A0TCO0WC42AHJW38T9HKOZUI"
505 http GET https://registry.npmjs.org/request/2.36.0
506 verbose url raw adm-zip/0.2.1
507 verbose url resolving [ 'https://registry.npmjs.org/', './adm-zip/0.2.1' ]
508 verbose url resolved https://registry.npmjs.org/adm-zip/0.2.1
509 info trying registry request attempt 1 at 23:53:32
510 verbose etag "9N72GDEPC9W5236KQWNJIN9JA"
511 http GET https://registry.npmjs.org/adm-zip/0.2.1
512 verbose url raw kew
513 verbose url resolving [ 'https://registry.npmjs.org/', './kew' ]
514 verbose url resolved https://registry.npmjs.org/kew
515 info trying registry request attempt 1 at 23:53:32
516 verbose etag "CHQ36986F05XMW5R8HRE8XLDR"
517 http GET https://registry.npmjs.org/kew
518 http 200 https://registry.npmjs.org/grunt
519 silly registry.get cb [ 200,
519 silly registry.get   { date: 'Wed, 13 Aug 2014 18:23:54 GMT',
519 silly registry.get     server: 'CouchDB/1.5.0 (Erlang OTP/R16B03)',
519 silly registry.get     etag: '"EYZ25C6O759PIJ75MF4EI69JO"',
519 silly registry.get     'content-type': 'application/json',
519 silly registry.get     'cache-control': 'max-age=60',
519 silly registry.get     'content-length': '86373',
519 silly registry.get     'accept-ranges': 'bytes',
519 silly registry.get     via: '1.1 varnish',
519 silly registry.get     age: '289',
519 silly registry.get     'x-served-by': 'cache-lax1427-LAX',
519 silly registry.get     'x-cache': 'HIT',
519 silly registry.get     'x-cache-hits': '1',
519 silly registry.get     'x-timer': 'S1407954234.127127,VS0,VE0',
519 silly registry.get     vary: 'Accept',
519 silly registry.get     'keep-alive': 'timeout=10, max=50',
519 silly registry.get     connection: 'Keep-Alive' } ]
520 silly addNameRange number 2 { name: 'grunt', range: '>=0.4.0-0 <0.5.0-0', hasData: true }
521 silly addNameRange versions [ 'grunt',
521 silly addNameRange   [ '0.1.0',
521 silly addNameRange     '0.1.1',
521 silly addNameRange     '0.1.2',
521 silly addNameRange     '0.2.0',
521 silly addNameRange     '0.2.1',
521 silly addNameRange     '0.2.2',
521 silly addNameRange     '0.2.3',
521 silly addNameRange     '0.2.4',
521 silly addNameRange     '0.2.5',
521 silly addNameRange     '0.2.6',
521 silly addNameRange     '0.2.7',
521 silly addNameRange     '0.2.8',
521 silly addNameRange     '0.2.9',
521 silly addNameRange     '0.2.10',
521 silly addNameRange     '0.2.11',
521 silly addNameRange     '0.2.12',
521 silly addNameRange     '0.2.13',
521 silly addNameRange     '0.2.14',
521 silly addNameRange     '0.2.15',
521 silly addNameRange     '0.3.0',
521 silly addNameRange     '0.3.1',
521 silly addNameRange     '0.3.2',
521 silly addNameRange     '0.3.3',
521 silly addNameRange     '0.3.4',
521 silly addNameRange     '0.3.5',
521 silly addNameRange     '0.3.6',
521 silly addNameRange     '0.3.7',
521 silly addNameRange     '0.3.8',
521 silly addNameRange     '0.3.9',
521 silly addNameRange     '0.3.10',
521 silly addNameRange     '0.3.11',
521 silly addNameRange     '0.3.12',
521 silly addNameRange     '0.3.13',
521 silly addNameRange     '0.3.14',
521 silly addNameRange     '0.3.15',
521 silly addNameRange     '0.3.16',
521 silly addNameRange     '0.3.17',
521 silly addNameRange     '0.4.0',
521 silly addNameRange     '0.4.1',
521 silly addNameRange     '0.4.2',
521 silly addNameRange     '0.4.3',
521 silly addNameRange     '0.4.4',
521 silly addNameRange     '0.4.5',
521 silly addNameRange     '0.3.13-a',
521 silly addNameRange     '0.4.0-a',
521 silly addNameRange     '0.4.0-rc1',
521 silly addNameRange     '0.4.0-rc2',
521 silly addNameRange     '0.4.0-rc3',
521 silly addNameRange     '0.4.0-rc4',
521 silly addNameRange     '0.4.0-rc5',
521 silly addNameRange     '0.4.0-rc6',
521 silly addNameRange     '0.4.0-rc7',
521 silly addNameRange     '0.4.0-rc8' ] ]
522 verbose addNamed [ 'grunt', '0.4.5' ]
523 verbose addNamed [ '0.4.5', '0.4.5' ]
524 silly lockFile 81abf7ad-grunt-0-4-5 grunt@0.4.5
525 verbose lock grunt@0.4.5 /home/macchli/.npm/81abf7ad-grunt-0-4-5.lock
526 silly lockFile 81abf7ad-grunt-0-4-5 grunt@0.4.5
527 silly lockFile 81abf7ad-grunt-0-4-5 grunt@0.4.5
528 silly lockFile 6aebe2f8-grunt-0-4-x grunt@0.4.x
529 silly lockFile 6aebe2f8-grunt-0-4-x grunt@0.4.x
530 http 200 https://registry.npmjs.org/mkdirp/0.3.5
531 silly registry.get cb [ 200,
531 silly registry.get   { date: 'Wed, 13 Aug 2014 18:23:56 GMT',
531 silly registry.get     server: 'CouchDB/1.5.0 (Erlang OTP/R16B03)',
531 silly registry.get     etag: '"F17Q7UKYGSABJTXY4YCL38IZK"',
531 silly registry.get     'content-type': 'application/json',
531 silly registry.get     'cache-control': 'max-age=60',
531 silly registry.get     'content-length': '712',
531 silly registry.get     'accept-ranges': 'bytes',
531 silly registry.get     via: '1.1 varnish',
531 silly registry.get     age: '365',
531 silly registry.get     'x-served-by': 'cache-lax1423-LAX',
531 silly registry.get     'x-cache': 'HIT',
531 silly registry.get     'x-cache-hits': '1',
531 silly registry.get     'x-timer': 'S1407954236.538258,VS0,VE0',
531 silly registry.get     vary: 'Accept',
531 silly registry.get     'keep-alive': 'timeout=10, max=50',
531 silly registry.get     connection: 'Keep-Alive' } ]
532 silly lockFile 7b2ebe55-pmjs-org-mkdirp-mkdirp-0-3-5-tgz https://registry.npmjs.org/mkdirp/-/mkdirp-0.3.5.tgz
533 verbose lock https://registry.npmjs.org/mkdirp/-/mkdirp-0.3.5.tgz /home/macchli/.npm/7b2ebe55-pmjs-org-mkdirp-mkdirp-0-3-5-tgz.lock
534 verbose addRemoteTarball [ 'https://registry.npmjs.org/mkdirp/-/mkdirp-0.3.5.tgz',
534 verbose addRemoteTarball   'de3e5f8961c88c787ee1368df849ac4413eca8d7' ]
535 silly lockFile 7b2ebe55-pmjs-org-mkdirp-mkdirp-0-3-5-tgz https://registry.npmjs.org/mkdirp/-/mkdirp-0.3.5.tgz
536 silly lockFile 7b2ebe55-pmjs-org-mkdirp-mkdirp-0-3-5-tgz https://registry.npmjs.org/mkdirp/-/mkdirp-0.3.5.tgz
537 silly lockFile 67d2df2a-mkdirp-0-3-5 mkdirp@0.3.5
538 silly lockFile 67d2df2a-mkdirp-0-3-5 mkdirp@0.3.5
539 verbose about to build /home/macchli/Workspace/IMG/mess-menu/node_modules/karma-phantomjs-launcher/node_modules/phantomjs
540 info /home/macchli/Workspace/IMG/mess-menu/node_modules/karma-phantomjs-launcher/node_modules/phantomjs unbuild
541 info preuninstall phantomjs@1.9.7-15
542 info uninstall phantomjs@1.9.7-15
543 verbose false,/home/macchli/Workspace/IMG/mess-menu/node_modules,/home/macchli/Workspace/IMG/mess-menu/node_modules/karma-phantomjs-launcher/node_modules unbuild phantomjs@1.9.7-15
544 verbose /home/macchli/Workspace/IMG/mess-menu/node_modules/karma-phantomjs-launcher/node_modules/.bin,[object Object] binRoot
545 info postuninstall phantomjs@1.9.7-15
546 verbose about to build /home/macchli/Workspace/IMG/mess-menu/node_modules/karma-phantomjs-launcher
547 info /home/macchli/Workspace/IMG/mess-menu/node_modules/karma-phantomjs-launcher unbuild
548 info preuninstall karma-phantomjs-launcher@0.1.4
549 info uninstall karma-phantomjs-launcher@0.1.4
550 verbose true,/home/macchli/Workspace/IMG/mess-menu/node_modules,/home/macchli/Workspace/IMG/mess-menu/node_modules unbuild karma-phantomjs-launcher@0.1.4
551 info postuninstall karma-phantomjs-launcher@0.1.4
552 error Error: EACCES, mkdir '/home/macchli/tmp/npm-3081-hOvKri7r'
552 error  { [Error: EACCES, mkdir '/home/macchli/tmp/npm-3081-hOvKri7r']
552 error   errno: 3,
552 error   code: 'EACCES',
552 error   path: '/home/macchli/tmp/npm-3081-hOvKri7r' }
553 error Please try running this command again as root/Administrator.
554 error System Linux 3.13.0-33-generic
555 error command "/usr/bin/nodejs" "/usr/bin/npm" "install" "karma-phantomjs-launcher" "karma-jasmine" "grunt-karma" "--save-dev"
556 error cwd /home/macchli/Workspace/IMG/mess-menu
557 error node -v v0.10.25
558 error npm -v 1.3.10
559 error path /home/macchli/tmp/npm-3081-hOvKri7r
560 error code EACCES
561 error errno 3
562 error stack Error: EACCES, mkdir '/home/macchli/tmp/npm-3081-hOvKri7r'
563 verbose exit [ 3, true ]
